0 info it worked if it ends with ok
1 verbose cli [ 'D:\\NODEJS\\node.exe',
1 verbose cli   'D:\\NODEJS\\node_modules\\npm\\bin\\npm-cli.js',
1 verbose cli   'install',
1 verbose cli   'iconv' ]
2 info using npm@3.10.10
3 info using node@v6.11.4
4 silly loadCurrentTree Starting
5 silly install loadCurrentTree
6 silly install readLocalPackageData
7 silly fetchPackageMetaData iconv
8 silly fetchNamedPackageData iconv
9 silly mapToRegistry name iconv
10 silly mapToRegistry using default registry
11 silly mapToRegistry registry https://registry.npmjs.org/
12 silly mapToRegistry data Result {
12 silly mapToRegistry   raw: 'iconv',
12 silly mapToRegistry   scope: null,
12 silly mapToRegistry   escapedName: 'iconv',
12 silly mapToRegistry   name: 'iconv',
12 silly mapToRegistry   rawSpec: '',
12 silly mapToRegistry   spec: 'latest',
12 silly mapToRegistry   type: 'tag' }
13 silly mapToRegistry uri https://registry.npmjs.org/iconv
14 verbose request uri https://registry.npmjs.org/iconv
15 verbose request no auth needed
16 info attempt registry request try #1 at 19:30:10
17 verbose request id 1ee02f22948cdf85
18 http request GET https://registry.npmjs.org/iconv
19 http 200 https://registry.npmjs.org/iconv
20 verbose headers { 'content-type': 'application/json; charset=UTF-8',
20 verbose headers   server: 'AmazonS3',
20 verbose headers   'cache-control': 'max-age=300',
20 verbose headers   'last-modified': 'Mon, 18 Dec 2017 6:44:37 GMT',
20 verbose headers   etag: '"5a3763d5-a163"',
20 verbose headers   'x-npm-region': 'EU-East',
20 verbose headers   'content-encoding': 'gzip',
20 verbose headers   'content-length': '6755',
20 verbose headers   'accept-ranges': 'bytes',
20 verbose headers   date: 'Tue, 15 May 2018 17:30:06 GMT',
20 verbose headers   via: '1.1 varnish',
20 verbose headers   age: '4608',
20 verbose headers   connection: 'keep-alive',
20 verbose headers   'x-served-by': 'cache-fra19123-FRA',
20 verbose headers   'x-cache': 'HIT',
20 verbose headers   'x-cache-hits': '6',
20 verbose headers   'x-timer': 'S1526405407.947193,VS0,VE0',
20 verbose headers   vary: 'Accept-Encoding, Accept' }
21 silly get cb [ 200,
21 silly get   { 'content-type': 'application/json; charset=UTF-8',
21 silly get     server: 'AmazonS3',
21 silly get     'cache-control': 'max-age=300',
21 silly get     'last-modified': 'Mon, 18 Dec 2017 6:44:37 GMT',
21 silly get     etag: '"5a3763d5-a163"',
21 silly get     'x-npm-region': 'EU-East',
21 silly get     'content-encoding': 'gzip',
21 silly get     'content-length': '6755',
21 silly get     'accept-ranges': 'bytes',
21 silly get     date: 'Tue, 15 May 2018 17:30:06 GMT',
21 silly get     via: '1.1 varnish',
21 silly get     age: '4608',
21 silly get     connection: 'keep-alive',
21 silly get     'x-served-by': 'cache-fra19123-FRA',
21 silly get     'x-cache': 'HIT',
21 silly get     'x-cache-hits': '6',
21 silly get     'x-timer': 'S1526405407.947193,VS0,VE0',
21 silly get     vary: 'Accept-Encoding, Accept' } ]
22 verbose get saving iconv to C:\Users\Julien\AppData\Roaming\npm-cache\registry.npmjs.org\iconv\.cache.json
23 verbose correctMkdir C:\Users\Julien\AppData\Roaming\npm-cache correctMkdir not in flight; initializing
24 silly install normalizeTree
25 silly loadCurrentTree Finishing
26 silly loadIdealTree Starting
27 silly install loadIdealTree
28 silly cloneCurrentTree Starting
29 silly install cloneCurrentTreeToIdealTree
30 silly cloneCurrentTree Finishing
31 silly loadShrinkwrap Starting
32 silly install loadShrinkwrap
33 silly loadShrinkwrap Finishing
34 silly loadAllDepsIntoIdealTree Starting
35 silly install loadAllDepsIntoIdealTree
36 silly resolveWithNewModule iconv@2.3.0 checking installable status
37 silly cache add args [ 'iconv', null ]
38 verbose cache add spec iconv
39 silly cache add parsed spec Result {
39 silly cache add   raw: 'iconv',
39 silly cache add   scope: null,
39 silly cache add   escapedName: 'iconv',
39 silly cache add   name: 'iconv',
39 silly cache add   rawSpec: '',
39 silly cache add   spec: 'latest',
39 silly cache add   type: 'tag' }
40 silly addNamed iconv@latest
41 verbose addNamed "latest" is being treated as a dist-tag for iconv
42 info addNameTag [ 'iconv', 'latest' ]
43 silly mapToRegistry name iconv
44 silly mapToRegistry using default registry
45 silly mapToRegistry registry https://registry.npmjs.org/
46 silly mapToRegistry data Result {
46 silly mapToRegistry   raw: 'iconv',
46 silly mapToRegistry   scope: null,
46 silly mapToRegistry   escapedName: 'iconv',
46 silly mapToRegistry   name: 'iconv',
46 silly mapToRegistry   rawSpec: '',
46 silly mapToRegistry   spec: 'latest',
46 silly mapToRegistry   type: 'tag' }
47 silly mapToRegistry uri https://registry.npmjs.org/iconv
48 verbose addNameTag registry:https://registry.npmjs.org/iconv not in flight; fetching
49 verbose get https://registry.npmjs.org/iconv not expired, no request
50 silly addNameTag next cb for iconv with tag latest
51 silly addNamed iconv@2.3.0
52 verbose addNamed "2.3.0" is a plain semver version for iconv
53 silly mapToRegistry name iconv
54 silly mapToRegistry using default registry
55 silly mapToRegistry registry https://registry.npmjs.org/
56 silly mapToRegistry data Result {
56 silly mapToRegistry   raw: 'iconv',
56 silly mapToRegistry   scope: null,
56 silly mapToRegistry   escapedName: 'iconv',
56 silly mapToRegistry   name: 'iconv',
56 silly mapToRegistry   rawSpec: '',
56 silly mapToRegistry   spec: 'latest',
56 silly mapToRegistry   type: 'tag' }
57 silly mapToRegistry uri https://registry.npmjs.org/iconv
58 verbose addRemoteTarball https://registry.npmjs.org/iconv/-/iconv-2.3.0.tgz not in flight; adding
59 verbose addRemoteTarball [ 'https://registry.npmjs.org/iconv/-/iconv-2.3.0.tgz',
59 verbose addRemoteTarball   '9739887c2bd492d9a5e236dd3667c5358601201b' ]
60 info retry fetch attempt 1 at 19:30:13
61 info attempt registry request try #1 at 19:30:13
62 http fetch GET https://registry.npmjs.org/iconv/-/iconv-2.3.0.tgz
63 http fetch 200 https://registry.npmjs.org/iconv/-/iconv-2.3.0.tgz
64 silly fetchAndShaCheck shasum 9739887c2bd492d9a5e236dd3667c5358601201b
65 verbose addTmpTarball C:\Users\Julien\AppData\Local\Temp\npm-3236-61f1fa56\registry.npmjs.org\iconv\-\iconv-2.3.0.tgz not in flight; adding
66 verbose addTmpTarball already have metadata; skipping unpack for iconv@2.3.0
67 verbose correctMkdir C:\Users\Julien\AppData\Roaming\npm-cache correctMkdir not in flight; initializing
68 silly cache afterAdd iconv@2.3.0
69 verbose afterAdd C:\Users\Julien\AppData\Roaming\npm-cache\iconv\2.3.0\package\package.json not in flight; writing
70 verbose correctMkdir C:\Users\Julien\AppData\Roaming\npm-cache correctMkdir not in flight; initializing
71 verbose afterAdd C:\Users\Julien\AppData\Roaming\npm-cache\iconv\2.3.0\package\package.json written
72 silly fetchNamedPackageData nan
73 silly mapToRegistry name nan
74 silly mapToRegistry using default registry
75 silly mapToRegistry registry https://registry.npmjs.org/
76 silly mapToRegistry data Result {
76 silly mapToRegistry   raw: 'nan',
76 silly mapToRegistry   scope: null,
76 silly mapToRegistry   escapedName: 'nan',
76 silly mapToRegistry   name: 'nan',
76 silly mapToRegistry   rawSpec: '',
76 silly mapToRegistry   spec: 'latest',
76 silly mapToRegistry   type: 'tag' }
77 silly mapToRegistry uri https://registry.npmjs.org/nan
78 verbose request uri https://registry.npmjs.org/nan
79 verbose request no auth needed
80 info attempt registry request try #1 at 19:30:22
81 http request GET https://registry.npmjs.org/nan
82 http 200 https://registry.npmjs.org/nan
83 verbose headers { 'content-type': 'application/json; charset=UTF-8',
83 verbose headers   server: 'UploadServer',
83 verbose headers   'cache-control': 'max-age=300',
83 verbose headers   'last-modified': 'Fri, 16 Mar 2018 16:11:51 GMT',
83 verbose headers   etag: '"5aabecc7-229f2"',
83 verbose headers   'x-npm-region': 'EU-East',
83 verbose headers   'content-encoding': 'gzip',
83 verbose headers   'content-length': '16937',
83 verbose headers   'accept-ranges': 'bytes',
83 verbose headers   date: 'Tue, 15 May 2018 17:30:17 GMT',
83 verbose headers   via: '1.1 varnish',
83 verbose headers   age: '10537',
83 verbose headers   connection: 'keep-alive',
83 verbose headers   'x-served-by': 'cache-fra19123-FRA',
83 verbose headers   'x-cache': 'HIT',
83 verbose headers   'x-cache-hits': '102',
83 verbose headers   'x-timer': 'S1526405418.858585,VS0,VE0',
83 verbose headers   vary: 'Accept-Encoding, Accept' }
84 silly get cb [ 200,
84 silly get   { 'content-type': 'application/json; charset=UTF-8',
84 silly get     server: 'UploadServer',
84 silly get     'cache-control': 'max-age=300',
84 silly get     'last-modified': 'Fri, 16 Mar 2018 16:11:51 GMT',
84 silly get     etag: '"5aabecc7-229f2"',
84 silly get     'x-npm-region': 'EU-East',
84 silly get     'content-encoding': 'gzip',
84 silly get     'content-length': '16937',
84 silly get     'accept-ranges': 'bytes',
84 silly get     date: 'Tue, 15 May 2018 17:30:17 GMT',
84 silly get     via: '1.1 varnish',
84 silly get     age: '10537',
84 silly get     connection: 'keep-alive',
84 silly get     'x-served-by': 'cache-fra19123-FRA',
84 silly get     'x-cache': 'HIT',
84 silly get     'x-cache-hits': '102',
84 silly get     'x-timer': 'S1526405418.858585,VS0,VE0',
84 silly get     vary: 'Accept-Encoding, Accept' } ]
85 verbose get saving nan to C:\Users\Julien\AppData\Roaming\npm-cache\registry.npmjs.org\nan\.cache.json
86 verbose correctMkdir C:\Users\Julien\AppData\Roaming\npm-cache correctMkdir not in flight; initializing
87 silly resolveWithNewModule nan@2.10.0 checking installable status
88 silly cache add args [ 'nan@^2.3.5', null ]
89 verbose cache add spec nan@^2.3.5
90 silly cache add parsed spec Result {
90 silly cache add   raw: 'nan@^2.3.5',
90 silly cache add   scope: null,
90 silly cache add   escapedName: 'nan',
90 silly cache add   name: 'nan',
90 silly cache add   rawSpec: '^2.3.5',
90 silly cache add   spec: '>=2.3.5 <3.0.0',
90 silly cache add   type: 'range' }
91 silly addNamed nan@>=2.3.5 <3.0.0
92 verbose addNamed ">=2.3.5 <3.0.0" is a valid semver range for nan
93 silly addNameRange { name: 'nan', range: '>=2.3.5 <3.0.0', hasData: false }
94 silly mapToRegistry name nan
95 silly mapToRegistry using default registry
96 silly mapToRegistry registry https://registry.npmjs.org/
97 silly mapToRegistry data Result {
97 silly mapToRegistry   raw: 'nan',
97 silly mapToRegistry   scope: null,
97 silly mapToRegistry   escapedName: 'nan',
97 silly mapToRegistry   name: 'nan',
97 silly mapToRegistry   rawSpec: '',
97 silly mapToRegistry   spec: 'latest',
97 silly mapToRegistry   type: 'tag' }
98 silly mapToRegistry uri https://registry.npmjs.org/nan
99 verbose addNameRange registry:https://registry.npmjs.org/nan not in flight; fetching
100 verbose get https://registry.npmjs.org/nan not expired, no request
101 silly addNameRange number 2 { name: 'nan', range: '>=2.3.5 <3.0.0', hasData: true }
102 silly addNameRange versions [ 'nan',
102 silly addNameRange   [ '0.3.0-wip',
102 silly addNameRange     '0.3.0-wip2',
102 silly addNameRange     '0.3.0',
102 silly addNameRange     '0.3.1',
102 silly addNameRange     '0.3.2',
102 silly addNameRange     '0.4.0',
102 silly addNameRange     '0.4.1',
102 silly addNameRange     '0.4.2',
102 silly addNameRange     '0.4.3',
102 silly addNameRange     '0.4.4',
102 silly addNameRange     '0.5.0',
102 silly addNameRange     '0.5.1',
102 silly addNameRange     '0.5.2',
102 silly addNameRange     '0.6.0',
102 silly addNameRange     '0.7.0',
102 silly addNameRange     '0.7.1',
102 silly addNameRange     '0.8.0',
102 silly addNameRange     '1.0.0',
102 silly addNameRange     '1.1.0',
102 silly addNameRange     '1.1.1',
102 silly addNameRange     '1.1.2',
102 silly addNameRange     '1.2.0',
102 silly addNameRange     '1.3.0',
102 silly addNameRange     '1.4.0',
102 silly addNameRange     '1.4.1',
102 silly addNameRange     '1.5.0',
102 silly addNameRange     '1.4.2',
102 silly addNameRange     '1.4.3',
102 silly addNameRange     '1.5.1',
102 silly addNameRange     '1.5.2',
102 silly addNameRange     '1.6.0',
102 silly addNameRange     '1.5.3',
102 silly addNameRange     '1.6.1',
102 silly addNameRange     '1.6.2',
102 silly addNameRange     '1.7.0',
102 silly addNameRange     '1.8.0',
102 silly addNameRange     '1.8.1',
102 silly addNameRange     '1.8.2',
102 silly addNameRange     '1.8.3',
102 silly addNameRange     '1.8.4',
102 silly addNameRange     '1.9.0',
102 silly addNameRange     '2.0.0',
102 silly addNameRange     '2.0.1',
102 silly addNameRange     '2.0.2',
102 silly addNameRange     '2.0.3',
102 silly addNameRange     '2.0.4',
102 silly addNameRange     '2.0.5',
102 silly addNameRange     '2.0.6',
102 silly addNameRange     '2.0.7',
102 silly addNameRange     '2.0.8',
102 silly addNameRange     '2.0.9',
102 silly addNameRange     '2.1.0',
102 silly addNameRange     '2.2.0',
102 silly addNameRange     '2.2.1',
102 silly addNameRange     '2.3.0',
102 silly addNameRange     '2.3.1',
102 silly addNameRange     '2.3.2',
102 silly addNameRange     '2.3.3',
102 silly addNameRange     '2.3.4',
102 silly addNameRange     '2.3.5',
102 silly addNameRange     '2.4.0',
102 silly addNameRange     '2.5.0',
102 silly addNameRange     '2.5.1',
102 silly addNameRange     '2.6.0',
102 silly addNameRange     '2.6.1',
102 silly addNameRange     '2.6.2',
102 silly addNameRange     '2.7.0',
102 silly addNameRange     '2.8.0',
102 silly addNameRange     '2.9.1',
102 silly addNameRange     '2.9.2',
102 silly addNameRange     '2.10.0' ] ]
103 silly addNamed nan@2.10.0
104 verbose addNamed "2.10.0" is a plain semver version for nan
105 silly mapToRegistry name nan
106 silly mapToRegistry using default registry
107 silly mapToRegistry registry https://registry.npmjs.org/
108 silly mapToRegistry data Result {
108 silly mapToRegistry   raw: 'nan',
108 silly mapToRegistry   scope: null,
108 silly mapToRegistry   escapedName: 'nan',
108 silly mapToRegistry   name: 'nan',
108 silly mapToRegistry   rawSpec: '',
108 silly mapToRegistry   spec: 'latest',
108 silly mapToRegistry   type: 'tag' }
109 silly mapToRegistry uri https://registry.npmjs.org/nan
110 verbose addRemoteTarball https://registry.npmjs.org/nan/-/nan-2.10.0.tgz not in flight; adding
111 verbose addRemoteTarball [ 'https://registry.npmjs.org/nan/-/nan-2.10.0.tgz',
111 verbose addRemoteTarball   '96d0cd610ebd58d4b4de9cc0c6828cda99c7548f' ]
112 info retry fetch attempt 1 at 19:30:23
113 info attempt registry request try #1 at 19:30:23
114 http fetch GET https://registry.npmjs.org/nan/-/nan-2.10.0.tgz
115 http fetch 200 https://registry.npmjs.org/nan/-/nan-2.10.0.tgz
116 silly fetchAndShaCheck shasum 96d0cd610ebd58d4b4de9cc0c6828cda99c7548f
117 verbose addTmpTarball C:\Users\Julien\AppData\Local\Temp\npm-3236-61f1fa56\registry.npmjs.org\nan\-\nan-2.10.0.tgz not in flight; adding
118 verbose addTmpTarball already have metadata; skipping unpack for nan@2.10.0
119 verbose correctMkdir C:\Users\Julien\AppData\Roaming\npm-cache correctMkdir not in flight; initializing
120 silly cache afterAdd nan@2.10.0
121 verbose afterAdd C:\Users\Julien\AppData\Roaming\npm-cache\nan\2.10.0\package\package.json not in flight; writing
122 verbose correctMkdir C:\Users\Julien\AppData\Roaming\npm-cache correctMkdir not in flight; initializing
123 verbose afterAdd C:\Users\Julien\AppData\Roaming\npm-cache\nan\2.10.0\package\package.json written
124 silly loadAllDepsIntoIdealTree Finishing
125 silly loadIdealTree Finishing
126 silly currentTree YoutuBot
126 silly currentTree +-- @types/node@6.0.110
126 silly currentTree +-- accepts@1.3.5
126 silly currentTree +-- ajv@5.5.2
126 silly currentTree +-- ansi-regex@2.1.1
126 silly currentTree +-- ansi-styles@2.2.1
126 silly currentTree +-- array-flatten@1.1.1
126 silly currentTree +-- asn1@0.2.3
126 silly currentTree +-- ass-stringify@0.1.3
126 silly currentTree +-- assert-plus@1.0.0
126 silly currentTree +-- assured@1.0.12
126 silly currentTree +-- async@2.6.0
126 silly currentTree +-- asyncer.js@1.0.8
126 silly currentTree +-- asynckit@0.4.0
126 silly currentTree +-- audioconcat@0.1.3
126 silly currentTree +-- aws-sign2@0.7.0
126 silly currentTree +-- aws4@1.7.0
126 silly currentTree +-- base64url@1.0.6
126 silly currentTree +-- bcrypt-pbkdf@1.0.1
126 silly currentTree +-- bignumber.js@2.4.0
126 silly currentTree +-- bl@1.1.2
126 silly currentTree | +-- isarray@1.0.0
126 silly currentTree | `-- readable-stream@2.0.6
126 silly currentTree +-- bluebird-co@2.2.0
126 silly currentTree +-- bluebird@3.5.1
126 silly currentTree +-- bmp-js@0.0.3
126 silly currentTree +-- body-parser@1.18.2
126 silly currentTree | `-- qs@6.5.1
126 silly currentTree +-- boolbase@1.0.0
126 silly currentTree +-- boom@4.3.1
126 silly currentTree +-- buffer-equal-constant-time@1.0.1
126 silly currentTree +-- buffer-equal@0.0.1
126 silly currentTree +-- bytes@3.0.0
126 silly currentTree +-- camelcase-keys@1.0.0
126 silly currentTree | `-- camelcase@1.2.1
126 silly currentTree +-- camelcase@2.1.1
126 silly currentTree +-- capture-stack-trace@1.0.0
126 silly currentTree +-- caseless@0.12.0
126 silly currentTree +-- chalk@1.1.3
126 silly currentTree +-- cheerio@1.0.0-rc.2
126 silly currentTree +-- cliui@3.2.0
126 silly currentTree +-- co@4.6.0
126 silly currentTree +-- code-point-at@1.1.0
126 silly currentTree +-- combined-stream@1.0.6
126 silly currentTree +-- commander@2.15.1
126 silly currentTree +-- concat-stream@1.4.11
126 silly currentTree +-- content-disposition@0.5.2
126 silly currentTree +-- content-type@1.0.4
126 silly currentTree +-- cookie-parser@1.4.3
126 silly currentTree +-- cookie-signature@1.0.6
126 silly currentTree +-- cookie@0.3.1
126 silly currentTree +-- core-util-is@1.0.2
126 silly currentTree +-- crc@3.4.4
126 silly currentTree +-- create-error-class@3.0.2
126 silly currentTree +-- cryptiles@3.1.2
126 silly currentTree | `-- boom@5.2.0
126 silly currentTree +-- csrf@3.0.6
126 silly currentTree +-- css-select@1.2.0
126 silly currentTree +-- css-what@2.1.0
126 silly currentTree +-- csurf@1.9.0
126 silly currentTree | +-- http-errors@1.5.1
126 silly currentTree | `-- setprototypeof@1.0.2
126 silly currentTree +-- dashdash@1.14.1
126 silly currentTree +-- debug@2.6.9
126 silly currentTree +-- decamelize@1.2.0
126 silly currentTree +-- deffy@2.2.2
126 silly currentTree +-- delayed-stream@1.0.0
126 silly currentTree +-- depd@1.1.2
126 silly currentTree +-- destroy@1.0.4
126 silly currentTree +-- dom-serializer@0.1.0
126 silly currentTree | `-- domelementtype@1.1.3
126 silly currentTree +-- dom-walk@0.1.1
126 silly currentTree +-- domelementtype@1.3.0
126 silly currentTree +-- domhandler@2.4.2
126 silly currentTree +-- domutils@1.5.1
126 silly currentTree +-- duplexer3@0.1.4
126 silly currentTree +-- ecc-jsbn@0.1.1
126 silly currentTree +-- ecdsa-sig-formatter@1.0.9
126 silly currentTree | `-- base64url@2.0.0
126 silly currentTree +-- ee-first@1.1.1
126 silly currentTree +-- encodeurl@1.0.2
126 silly currentTree +-- entities@1.1.1
126 silly currentTree +-- es6-promise@3.3.1
126 silly currentTree +-- escape-html@1.0.3
126 silly currentTree +-- escape-string-regexp@1.0.5
126 silly currentTree +-- etag@1.8.1
126 silly currentTree +-- exif-parser@0.1.12
126 silly currentTree +-- express-session@1.15.6
126 silly currentTree | `-- uid-safe@2.1.5
126 silly currentTree +-- express@4.16.3
126 silly currentTree | +-- path-to-regexp@0.1.7
126 silly currentTree | +-- qs@6.5.1
126 silly currentTree | +-- safe-buffer@5.1.1
126 silly currentTree | `-- statuses@1.4.0
126 silly currentTree +-- extend@3.0.1
126 silly currentTree +-- extsprintf@1.3.0
126 silly currentTree +-- fast-deep-equal@1.1.0
126 silly currentTree +-- fast-json-stable-stringify@2.0.0
126 silly currentTree +-- file-type@3.9.0
126 silly currentTree +-- finalhandler@1.1.1
126 silly currentTree | `-- statuses@1.4.0
126 silly currentTree +-- find-value@1.0.10
126 silly currentTree +-- fluent-ffmpeg@2.1.2
126 silly currentTree +-- fn-result@1.0.10
126 silly currentTree +-- for-each@0.3.2
126 silly currentTree +-- forever-agent@0.6.1
126 silly currentTree +-- form-data@2.3.2
126 silly currentTree +-- forwarded@0.1.2
126 silly currentTree +-- free-google-image-search@1.0.0
126 silly currentTree +-- fresh@0.5.2
126 silly currentTree +-- fs@0.0.1-security
126 silly currentTree +-- function.name@1.0.10
126 silly currentTree +-- fw@0.1.2
126 silly currentTree +-- gapitoken@0.1.5
126 silly currentTree +-- generate-function@2.0.0
126 silly currentTree +-- generate-object-property@1.2.0
126 silly currentTree +-- get-stdin@4.0.1
126 silly currentTree +-- get-stream@3.0.0
126 silly currentTree +-- getpass@0.1.7
126 silly currentTree +-- global@4.3.2
126 silly currentTree +-- google-auth-library@0.9.10
126 silly currentTree | +-- assert-plus@0.2.0
126 silly currentTree | +-- async@1.4.2
126 silly currentTree | +-- aws-sign2@0.6.0
126 silly currentTree | +-- boom@2.10.1
126 silly currentTree | +-- caseless@0.11.0
126 silly currentTree | +-- cryptiles@2.0.5
126 silly currentTree | +-- form-data@1.0.1
126 silly currentTree | | `-- async@2.6.0
126 silly currentTree | +-- har-validator@2.0.6
126 silly currentTree | +-- hawk@3.1.3
126 silly currentTree | +-- hoek@2.16.3
126 silly currentTree | +-- http-signature@1.1.1
126 silly currentTree | +-- node-uuid@1.4.8
126 silly currentTree | +-- qs@6.2.3
126 silly currentTree | +-- request@2.74.0
126 silly currentTree | +-- sntp@1.0.9
126 silly currentTree | +-- string-template@0.2.1
126 silly currentTree | `-- tunnel-agent@0.4.3
126 silly currentTree +-- google-images@2.1.0
126 silly currentTree +-- google-p12-pem@0.1.2
126 silly currentTree +-- googleapis@5.2.1
126 silly currentTree | +-- assert-plus@0.2.0
126 silly currentTree | +-- async@1.5.2
126 silly currentTree | +-- aws-sign2@0.6.0
126 silly currentTree | +-- boom@2.10.1
126 silly currentTree | +-- caseless@0.11.0
126 silly currentTree | +-- cryptiles@2.0.5
126 silly currentTree | +-- form-data@1.0.1
126 silly currentTree | | `-- async@2.6.0
126 silly currentTree | +-- har-validator@2.0.6
126 silly currentTree | +-- hawk@3.1.3
126 silly currentTree | +-- hoek@2.16.3
126 silly currentTree | +-- http-signature@1.1.1
126 silly currentTree | +-- node-uuid@1.4.8
126 silly currentTree | +-- qs@6.1.2
126 silly currentTree | +-- request@2.72.0
126 silly currentTree | +-- sntp@1.0.9
126 silly currentTree | +-- tough-cookie@2.2.2
126 silly currentTree | `-- tunnel-agent@0.4.3
126 silly currentTree +-- got@6.7.1
126 silly currentTree +-- gtoken@1.2.3
126 silly currentTree | `-- mime@1.6.0
126 silly currentTree +-- har-schema@2.0.0
126 silly currentTree +-- har-validator@5.0.3
126 silly currentTree +-- has-ansi@2.0.0
126 silly currentTree +-- hawk@6.0.2
126 silly currentTree +-- hoek@4.2.1
126 silly currentTree +-- htmlparser2@3.9.2
126 silly currentTree | +-- isarray@1.0.0
126 silly currentTree | +-- process-nextick-args@2.0.0
126 silly currentTree | +-- readable-stream@2.3.6
126 silly currentTree | `-- string_decoder@1.1.1
126 silly currentTree +-- http-errors@1.6.3
126 silly currentTree +-- http-signature@1.2.0
126 silly currentTree +-- iconv-lite@0.4.19
126 silly currentTree +-- image-downloader@3.3.0
126 silly currentTree +-- imagemagick@0.1.3
126 silly currentTree +-- indent-string@1.2.2
126 silly currentTree | `-- minimist@1.2.0
126 silly currentTree +-- inherits@2.0.3
126 silly currentTree +-- invert-kv@1.0.0
126 silly currentTree +-- ip-regex@1.0.3
126 silly currentTree +-- ipaddr.js@1.6.0
126 silly currentTree +-- is-finite@1.0.2
126 silly currentTree +-- is-fullwidth-code-point@1.0.0
126 silly currentTree +-- is-function@1.0.1
126 silly currentTree +-- is-my-ip-valid@1.0.0
126 silly currentTree +-- is-my-json-valid@2.17.2
126 silly currentTree +-- is-property@1.0.2
126 silly currentTree +-- is-redirect@1.0.0
126 silly currentTree +-- is-retry-allowed@1.1.0
126 silly currentTree +-- is-ssh@1.3.0
126 silly currentTree +-- is-stream@1.1.0
126 silly currentTree +-- is-typedarray@1.0.0
126 silly currentTree +-- is-wsl@1.1.0
126 silly currentTree +-- isarray@0.0.1
126 silly currentTree +-- isexe@2.0.0
126 silly currentTree +-- isstream@0.1.2
126 silly currentTree +-- iterate-object@1.3.2
126 silly currentTree +-- jimp@0.2.28
126 silly currentTree | `-- mime@1.6.0
126 silly currentTree +-- jpeg-js@0.2.0
126 silly currentTree +-- jsbn@0.1.1
126 silly currentTree +-- json-schema-traverse@0.3.1
126 silly currentTree +-- json-schema@0.2.3
126 silly currentTree +-- json-stringify-safe@5.0.1
126 silly currentTree +-- jsonpointer@4.0.1
126 silly currentTree +-- jsprim@1.4.1
126 silly currentTree +-- jwa@1.0.2
126 silly currentTree | `-- base64url@0.0.6
126 silly currentTree +-- jws@3.0.0
126 silly currentTree +-- lcid@1.0.0
126 silly currentTree +-- lien@3.2.0
126 silly currentTree +-- lil-uuid@0.1.1
126 silly currentTree +-- load-bmfont@1.3.0
126 silly currentTree | `-- mime@1.6.0
126 silly currentTree +-- lodash._arraycopy@3.0.0
126 silly currentTree +-- lodash._arrayeach@3.0.0
126 silly currentTree +-- lodash._basecopy@3.0.1
126 silly currentTree +-- lodash._basefor@3.0.3
126 silly currentTree +-- lodash._bindcallback@3.0.1
126 silly currentTree +-- lodash._createassigner@3.1.1
126 silly currentTree +-- lodash._getnative@3.9.1
126 silly currentTree +-- lodash._isiterateecall@3.0.9
126 silly currentTree +-- lodash.isarguments@3.1.0
126 silly currentTree +-- lodash.isarray@3.0.4
126 silly currentTree +-- lodash.isplainobject@3.2.0
126 silly currentTree +-- lodash.istypedarray@3.0.6
126 silly currentTree +-- lodash.keys@3.1.2
126 silly currentTree +-- lodash.keysin@3.0.8
126 silly currentTree +-- lodash.merge@3.3.2
126 silly currentTree +-- lodash.noop@3.0.1
126 silly currentTree +-- lodash.restparam@3.6.1
126 silly currentTree +-- lodash.toplainobject@3.0.0
126 silly currentTree +-- lodash@4.17.10
126 silly currentTree +-- lowercase-keys@1.0.1
126 silly currentTree +-- map-obj@1.0.1
126 silly currentTree +-- media-typer@0.3.0
126 silly currentTree +-- meow@2.0.0
126 silly currentTree | `-- minimist@1.2.0
126 silly currentTree +-- merge-descriptors@1.0.1
126 silly currentTree +-- methods@1.1.2
126 silly currentTree +-- mime-db@1.33.0
126 silly currentTree +-- mime-types@2.1.18
126 silly currentTree +-- mime@2.3.1
126 silly currentTree +-- min-document@2.19.0
126 silly currentTree +-- minimist@0.0.8
126 silly currentTree +-- mkdirp@0.5.1
126 silly currentTree +-- mp3-duration@1.1.0
126 silly currentTree +-- ms@2.0.0
126 silly currentTree +-- negotiator@0.6.1
126 silly currentTree +-- node-forge@0.7.5
126 silly currentTree +-- node-imagemagick@0.1.8
126 silly currentTree +-- noop6@1.0.7
126 silly currentTree +-- nth-check@1.0.1
126 silly currentTree +-- number-is-nan@1.0.1
126 silly currentTree +-- oauth-sign@0.8.2
126 silly currentTree +-- obj-def@1.0.6
126 silly currentTree +-- object-assign@1.0.0
126 silly currentTree +-- on-finished@2.3.0
126 silly currentTree +-- on-headers@1.0.1
126 silly currentTree +-- one-by-one@3.2.6
126 silly currentTree +-- one-time@0.0.4
126 silly currentTree +-- opn@5.3.0
126 silly currentTree +-- os-locale@1.4.0
126 silly currentTree +-- parse-bmfont-ascii@1.0.6
126 silly currentTree +-- parse-bmfont-binary@1.0.6
126 silly currentTree +-- parse-bmfont-xml@1.1.3
126 silly currentTree +-- parse-headers@2.0.1
126 silly currentTree +-- parse-url@1.3.11
126 silly currentTree +-- parse5@3.0.3
126 silly currentTree +-- parseurl@1.3.2
126 silly currentTree +-- path-to-regexp@1.7.0
126 silly currentTree +-- performance-now@2.1.0
126 silly currentTree +-- pick-values@1.0.1
126 silly currentTree +-- pinkie-promise@2.0.1
126 silly currentTree +-- pinkie@2.0.4
126 silly currentTree +-- pixelmatch@4.0.2
126 silly currentTree +-- pngjs@3.3.3
126 silly currentTree +-- prepend-http@1.0.4
126 silly currentTree +-- pretty-bytes@5.0.0
126 silly currentTree +-- process-nextick-args@1.0.7
126 silly currentTree +-- process@0.5.2
126 silly currentTree +-- protocols@1.4.6
126 silly currentTree +-- proxy-addr@2.0.3
126 silly currentTree +-- punycode@1.4.1
126 silly currentTree +-- qs@6.5.2
126 silly currentTree +-- querystring@0.2.0
126 silly currentTree +-- random-bytes@1.0.0
126 silly currentTree +-- range-parser@1.2.0
126 silly currentTree +-- raw-body@2.3.2
126 silly currentTree | +-- depd@1.1.1
126 silly currentTree | +-- http-errors@1.6.2
126 silly currentTree | `-- setprototypeof@1.0.3
126 silly currentTree +-- read-chunk@1.0.1
126 silly currentTree +-- readable-stream@1.1.14
126 silly currentTree +-- repeating@1.1.3
126 silly currentTree +-- request-promise-core@1.1.1
126 silly currentTree +-- request-promise@4.2.2
126 silly currentTree +-- request@2.85.0
126 silly currentTree +-- resize-image@0.1.0
126 silly currentTree +-- rndm@1.2.0
126 silly currentTree +-- safe-buffer@5.1.2
126 silly currentTree +-- same-time@2.3.3
126 silly currentTree | `-- deffy@2.0.0
126 silly currentTree +-- sax@1.2.4
126 silly currentTree +-- say@0.14.0
126 silly currentTree +-- send@0.16.2
126 silly currentTree | +-- mime@1.4.1
126 silly currentTree | `-- statuses@1.4.0
126 silly currentTree +-- serve-static@1.13.2
126 silly currentTree +-- set-or-get@1.2.8
126 silly currentTree +-- setprototypeof@1.1.0
126 silly currentTree +-- sliced@1.0.1
126 silly currentTree +-- sntp@2.1.0
126 silly currentTree +-- sshpk@1.14.1
126 silly currentTree +-- statuses@1.5.0
126 silly currentTree +-- stealthy-require@1.1.1
126 silly currentTree +-- stream-to-buffer@0.1.0
126 silly currentTree +-- stream-to@0.2.2
126 silly currentTree +-- string_decoder@0.10.31
126 silly currentTree +-- string-template@1.0.0
126 silly currentTree +-- string-width@1.0.2
126 silly currentTree +-- stringstream@0.0.5
126 silly currentTree +-- strip-ansi@3.0.1
126 silly currentTree +-- supports-color@2.0.0
126 silly currentTree +-- text-to-mp3@1.0.4
126 silly currentTree +-- timed-out@4.0.1
126 silly currentTree +-- tinycolor2@1.4.1
126 silly currentTree +-- tough-cookie@2.3.4
126 silly currentTree +-- transformer@1.2.6
126 silly currentTree +-- trim@0.0.1
126 silly currentTree +-- tsscmp@1.0.5
126 silly currentTree +-- tunnel-agent@0.6.0
126 silly currentTree +-- tweetnacl@0.14.5
126 silly currentTree +-- type-is@1.6.16
126 silly currentTree +-- typedarray@0.0.6
126 silly currentTree +-- typpy@2.3.10
126 silly currentTree +-- uid-safe@2.1.4
126 silly currentTree +-- ul@5.2.13
126 silly currentTree +-- unpipe@1.0.0
126 silly currentTree +-- unzip-response@2.0.1
126 silly currentTree +-- url-parse-lax@1.0.0
126 silly currentTree +-- url-regex@3.2.0
126 silly currentTree +-- url@0.11.0
126 silly currentTree | `-- punycode@1.3.2
126 silly currentTree +-- util-deprecate@1.0.2
126 silly currentTree +-- utils-merge@1.0.1
126 silly currentTree +-- uuid@3.2.1
126 silly currentTree +-- vary@1.1.2
126 silly currentTree +-- verror@1.10.0
126 silly currentTree +-- videoshow@0.1.11
126 silly currentTree +-- when@3.7.8
126 silly currentTree +-- which@1.3.0
126 silly currentTree +-- window-size@0.1.4
126 silly currentTree +-- wrap-ansi@2.1.0
126 silly currentTree +-- xhr@2.4.1
126 silly currentTree +-- xml-parse-from-string@1.0.1
126 silly currentTree +-- xml2js@0.4.19
126 silly currentTree +-- xmlbuilder@9.0.7
126 silly currentTree +-- xtend@4.0.1
126 silly currentTree +-- y18n@3.2.1
126 silly currentTree +-- yargs@3.32.0
126 silly currentTree `-- youtube-api@2.0.9
127 silly idealTree YoutuBot
127 silly idealTree +-- @types/node@6.0.110
127 silly idealTree +-- accepts@1.3.5
127 silly idealTree +-- ajv@5.5.2
127 silly idealTree +-- ansi-regex@2.1.1
127 silly idealTree +-- ansi-styles@2.2.1
127 silly idealTree +-- array-flatten@1.1.1
127 silly idealTree +-- asn1@0.2.3
127 silly idealTree +-- ass-stringify@0.1.3
127 silly idealTree +-- assert-plus@1.0.0
127 silly idealTree +-- assured@1.0.12
127 silly idealTree +-- async@2.6.0
127 silly idealTree +-- asyncer.js@1.0.8
127 silly idealTree +-- asynckit@0.4.0
127 silly idealTree +-- audioconcat@0.1.3
127 silly idealTree +-- aws-sign2@0.7.0
127 silly idealTree +-- aws4@1.7.0
127 silly idealTree +-- base64url@1.0.6
127 silly idealTree +-- bcrypt-pbkdf@1.0.1
127 silly idealTree +-- bignumber.js@2.4.0
127 silly idealTree +-- bl@1.1.2
127 silly idealTree | +-- isarray@1.0.0
127 silly idealTree | `-- readable-stream@2.0.6
127 silly idealTree +-- bluebird-co@2.2.0
127 silly idealTree +-- bluebird@3.5.1
127 silly idealTree +-- bmp-js@0.0.3
127 silly idealTree +-- body-parser@1.18.2
127 silly idealTree | `-- qs@6.5.1
127 silly idealTree +-- boolbase@1.0.0
127 silly idealTree +-- boom@4.3.1
127 silly idealTree +-- buffer-equal-constant-time@1.0.1
127 silly idealTree +-- buffer-equal@0.0.1
127 silly idealTree +-- bytes@3.0.0
127 silly idealTree +-- camelcase-keys@1.0.0
127 silly idealTree | `-- camelcase@1.2.1
127 silly idealTree +-- camelcase@2.1.1
127 silly idealTree +-- capture-stack-trace@1.0.0
127 silly idealTree +-- caseless@0.12.0
127 silly idealTree +-- chalk@1.1.3
127 silly idealTree +-- cheerio@1.0.0-rc.2
127 silly idealTree +-- cliui@3.2.0
127 silly idealTree +-- co@4.6.0
127 silly idealTree +-- code-point-at@1.1.0
127 silly idealTree +-- combined-stream@1.0.6
127 silly idealTree +-- commander@2.15.1
127 silly idealTree +-- concat-stream@1.4.11
127 silly idealTree +-- content-disposition@0.5.2
127 silly idealTree +-- content-type@1.0.4
127 silly idealTree +-- cookie-parser@1.4.3
127 silly idealTree +-- cookie-signature@1.0.6
127 silly idealTree +-- cookie@0.3.1
127 silly idealTree +-- core-util-is@1.0.2
127 silly idealTree +-- crc@3.4.4
127 silly idealTree +-- create-error-class@3.0.2
127 silly idealTree +-- cryptiles@3.1.2
127 silly idealTree | `-- boom@5.2.0
127 silly idealTree +-- csrf@3.0.6
127 silly idealTree +-- css-select@1.2.0
127 silly idealTree +-- css-what@2.1.0
127 silly idealTree +-- csurf@1.9.0
127 silly idealTree | +-- http-errors@1.5.1
127 silly idealTree | `-- setprototypeof@1.0.2
127 silly idealTree +-- dashdash@1.14.1
127 silly idealTree +-- debug@2.6.9
127 silly idealTree +-- decamelize@1.2.0
127 silly idealTree +-- deffy@2.2.2
127 silly idealTree +-- delayed-stream@1.0.0
127 silly idealTree +-- depd@1.1.2
127 silly idealTree +-- destroy@1.0.4
127 silly idealTree +-- dom-serializer@0.1.0
127 silly idealTree | `-- domelementtype@1.1.3
127 silly idealTree +-- dom-walk@0.1.1
127 silly idealTree +-- domelementtype@1.3.0
127 silly idealTree +-- domhandler@2.4.2
127 silly idealTree +-- domutils@1.5.1
127 silly idealTree +-- duplexer3@0.1.4
127 silly idealTree +-- ecc-jsbn@0.1.1
127 silly idealTree +-- ecdsa-sig-formatter@1.0.9
127 silly idealTree | `-- base64url@2.0.0
127 silly idealTree +-- ee-first@1.1.1
127 silly idealTree +-- encodeurl@1.0.2
127 silly idealTree +-- entities@1.1.1
127 silly idealTree +-- es6-promise@3.3.1
127 silly idealTree +-- escape-html@1.0.3
127 silly idealTree +-- escape-string-regexp@1.0.5
127 silly idealTree +-- etag@1.8.1
127 silly idealTree +-- exif-parser@0.1.12
127 silly idealTree +-- express-session@1.15.6
127 silly idealTree | `-- uid-safe@2.1.5
127 silly idealTree +-- express@4.16.3
127 silly idealTree | +-- path-to-regexp@0.1.7
127 silly idealTree | +-- qs@6.5.1
127 silly idealTree | +-- safe-buffer@5.1.1
127 silly idealTree | `-- statuses@1.4.0
127 silly idealTree +-- extend@3.0.1
127 silly idealTree +-- extsprintf@1.3.0
127 silly idealTree +-- fast-deep-equal@1.1.0
127 silly idealTree +-- fast-json-stable-stringify@2.0.0
127 silly idealTree +-- file-type@3.9.0
127 silly idealTree +-- finalhandler@1.1.1
127 silly idealTree | `-- statuses@1.4.0
127 silly idealTree +-- find-value@1.0.10
127 silly idealTree +-- fluent-ffmpeg@2.1.2
127 silly idealTree +-- fn-result@1.0.10
127 silly idealTree +-- for-each@0.3.2
127 silly idealTree +-- forever-agent@0.6.1
127 silly idealTree +-- form-data@2.3.2
127 silly idealTree +-- forwarded@0.1.2
127 silly idealTree +-- free-google-image-search@1.0.0
127 silly idealTree +-- fresh@0.5.2
127 silly idealTree +-- fs@0.0.1-security
127 silly idealTree +-- function.name@1.0.10
127 silly idealTree +-- fw@0.1.2
127 silly idealTree +-- gapitoken@0.1.5
127 silly idealTree +-- generate-function@2.0.0
127 silly idealTree +-- generate-object-property@1.2.0
127 silly idealTree +-- get-stdin@4.0.1
127 silly idealTree +-- get-stream@3.0.0
127 silly idealTree +-- getpass@0.1.7
127 silly idealTree +-- global@4.3.2
127 silly idealTree +-- google-auth-library@0.9.10
127 silly idealTree | +-- assert-plus@0.2.0
127 silly idealTree | +-- async@1.4.2
127 silly idealTree | +-- aws-sign2@0.6.0
127 silly idealTree | +-- boom@2.10.1
127 silly idealTree | +-- caseless@0.11.0
127 silly idealTree | +-- cryptiles@2.0.5
127 silly idealTree | +-- form-data@1.0.1
127 silly idealTree | | `-- async@2.6.0
127 silly idealTree | +-- har-validator@2.0.6
127 silly idealTree | +-- hawk@3.1.3
127 silly idealTree | +-- hoek@2.16.3
127 silly idealTree | +-- http-signature@1.1.1
127 silly idealTree | +-- node-uuid@1.4.8
127 silly idealTree | +-- qs@6.2.3
127 silly idealTree | +-- request@2.74.0
127 silly idealTree | +-- sntp@1.0.9
127 silly idealTree | +-- string-template@0.2.1
127 silly idealTree | `-- tunnel-agent@0.4.3
127 silly idealTree +-- google-images@2.1.0
127 silly idealTree +-- google-p12-pem@0.1.2
127 silly idealTree +-- googleapis@5.2.1
127 silly idealTree | +-- assert-plus@0.2.0
127 silly idealTree | +-- async@1.5.2
127 silly idealTree | +-- aws-sign2@0.6.0
127 silly idealTree | +-- boom@2.10.1
127 silly idealTree | +-- caseless@0.11.0
127 silly idealTree | +-- cryptiles@2.0.5
127 silly idealTree | +-- form-data@1.0.1
127 silly idealTree | | `-- async@2.6.0
127 silly idealTree | +-- har-validator@2.0.6
127 silly idealTree | +-- hawk@3.1.3
127 silly idealTree | +-- hoek@2.16.3
127 silly idealTree | +-- http-signature@1.1.1
127 silly idealTree | +-- node-uuid@1.4.8
127 silly idealTree | +-- qs@6.1.2
127 silly idealTree | +-- request@2.72.0
127 silly idealTree | +-- sntp@1.0.9
127 silly idealTree | +-- tough-cookie@2.2.2
127 silly idealTree | `-- tunnel-agent@0.4.3
127 silly idealTree +-- got@6.7.1
127 silly idealTree +-- gtoken@1.2.3
127 silly idealTree | `-- mime@1.6.0
127 silly idealTree +-- har-schema@2.0.0
127 silly idealTree +-- har-validator@5.0.3
127 silly idealTree +-- has-ansi@2.0.0
127 silly idealTree +-- hawk@6.0.2
127 silly idealTree +-- hoek@4.2.1
127 silly idealTree +-- htmlparser2@3.9.2
127 silly idealTree | +-- isarray@1.0.0
127 silly idealTree | +-- process-nextick-args@2.0.0
127 silly idealTree | +-- readable-stream@2.3.6
127 silly idealTree | `-- string_decoder@1.1.1
127 silly idealTree +-- http-errors@1.6.3
127 silly idealTree +-- http-signature@1.2.0
127 silly idealTree +-- iconv-lite@0.4.19
127 silly idealTree +-- iconv@2.3.0
127 silly idealTree +-- image-downloader@3.3.0
127 silly idealTree +-- imagemagick@0.1.3
127 silly idealTree +-- indent-string@1.2.2
127 silly idealTree | `-- minimist@1.2.0
127 silly idealTree +-- inherits@2.0.3
127 silly idealTree +-- invert-kv@1.0.0
127 silly idealTree +-- ip-regex@1.0.3
127 silly idealTree +-- ipaddr.js@1.6.0
127 silly idealTree +-- is-finite@1.0.2
127 silly idealTree +-- is-fullwidth-code-point@1.0.0
127 silly idealTree +-- is-function@1.0.1
127 silly idealTree +-- is-my-ip-valid@1.0.0
127 silly idealTree +-- is-my-json-valid@2.17.2
127 silly idealTree +-- is-property@1.0.2
127 silly idealTree +-- is-redirect@1.0.0
127 silly idealTree +-- is-retry-allowed@1.1.0
127 silly idealTree +-- is-ssh@1.3.0
127 silly idealTree +-- is-stream@1.1.0
127 silly idealTree +-- is-typedarray@1.0.0
127 silly idealTree +-- is-wsl@1.1.0
127 silly idealTree +-- isarray@0.0.1
127 silly idealTree +-- isexe@2.0.0
127 silly idealTree +-- isstream@0.1.2
127 silly idealTree +-- iterate-object@1.3.2
127 silly idealTree +-- jimp@0.2.28
127 silly idealTree | `-- mime@1.6.0
127 silly idealTree +-- jpeg-js@0.2.0
127 silly idealTree +-- jsbn@0.1.1
127 silly idealTree +-- json-schema-traverse@0.3.1
127 silly idealTree +-- json-schema@0.2.3
127 silly idealTree +-- json-stringify-safe@5.0.1
127 silly idealTree +-- jsonpointer@4.0.1
127 silly idealTree +-- jsprim@1.4.1
127 silly idealTree +-- jwa@1.0.2
127 silly idealTree | `-- base64url@0.0.6
127 silly idealTree +-- jws@3.0.0
127 silly idealTree +-- lcid@1.0.0
127 silly idealTree +-- lien@3.2.0
127 silly idealTree +-- lil-uuid@0.1.1
127 silly idealTree +-- load-bmfont@1.3.0
127 silly idealTree | `-- mime@1.6.0
127 silly idealTree +-- lodash._arraycopy@3.0.0
127 silly idealTree +-- lodash._arrayeach@3.0.0
127 silly idealTree +-- lodash._basecopy@3.0.1
127 silly idealTree +-- lodash._basefor@3.0.3
127 silly idealTree +-- lodash._bindcallback@3.0.1
127 silly idealTree +-- lodash._createassigner@3.1.1
127 silly idealTree +-- lodash._getnative@3.9.1
127 silly idealTree +-- lodash._isiterateecall@3.0.9
127 silly idealTree +-- lodash.isarguments@3.1.0
127 silly idealTree +-- lodash.isarray@3.0.4
127 silly idealTree +-- lodash.isplainobject@3.2.0
127 silly idealTree +-- lodash.istypedarray@3.0.6
127 silly idealTree +-- lodash.keys@3.1.2
127 silly idealTree +-- lodash.keysin@3.0.8
127 silly idealTree +-- lodash.merge@3.3.2
127 silly idealTree +-- lodash.noop@3.0.1
127 silly idealTree +-- lodash.restparam@3.6.1
127 silly idealTree +-- lodash.toplainobject@3.0.0
127 silly idealTree +-- lodash@4.17.10
127 silly idealTree +-- lowercase-keys@1.0.1
127 silly idealTree +-- map-obj@1.0.1
127 silly idealTree +-- media-typer@0.3.0
127 silly idealTree +-- meow@2.0.0
127 silly idealTree | `-- minimist@1.2.0
127 silly idealTree +-- merge-descriptors@1.0.1
127 silly idealTree +-- methods@1.1.2
127 silly idealTree +-- mime-db@1.33.0
127 silly idealTree +-- mime-types@2.1.18
127 silly idealTree +-- mime@2.3.1
127 silly idealTree +-- min-document@2.19.0
127 silly idealTree +-- minimist@0.0.8
127 silly idealTree +-- mkdirp@0.5.1
127 silly idealTree +-- mp3-duration@1.1.0
127 silly idealTree +-- ms@2.0.0
127 silly idealTree +-- nan@2.10.0
127 silly idealTree +-- negotiator@0.6.1
127 silly idealTree +-- node-forge@0.7.5
127 silly idealTree +-- node-imagemagick@0.1.8
127 silly idealTree +-- noop6@1.0.7
127 silly idealTree +-- nth-check@1.0.1
127 silly idealTree +-- number-is-nan@1.0.1
127 silly idealTree +-- oauth-sign@0.8.2
127 silly idealTree +-- obj-def@1.0.6
127 silly idealTree +-- object-assign@1.0.0
127 silly idealTree +-- on-finished@2.3.0
127 silly idealTree +-- on-headers@1.0.1
127 silly idealTree +-- one-by-one@3.2.6
127 silly idealTree +-- one-time@0.0.4
127 silly idealTree +-- opn@5.3.0
127 silly idealTree +-- os-locale@1.4.0
127 silly idealTree +-- parse-bmfont-ascii@1.0.6
127 silly idealTree +-- parse-bmfont-binary@1.0.6
127 silly idealTree +-- parse-bmfont-xml@1.1.3
127 silly idealTree +-- parse-headers@2.0.1
127 silly idealTree +-- parse-url@1.3.11
127 silly idealTree +-- parse5@3.0.3
127 silly idealTree +-- parseurl@1.3.2
127 silly idealTree +-- path-to-regexp@1.7.0
127 silly idealTree +-- performance-now@2.1.0
127 silly idealTree +-- pick-values@1.0.1
127 silly idealTree +-- pinkie-promise@2.0.1
127 silly idealTree +-- pinkie@2.0.4
127 silly idealTree +-- pixelmatch@4.0.2
127 silly idealTree +-- pngjs@3.3.3
127 silly idealTree +-- prepend-http@1.0.4
127 silly idealTree +-- pretty-bytes@5.0.0
127 silly idealTree +-- process-nextick-args@1.0.7
127 silly idealTree +-- process@0.5.2
127 silly idealTree +-- protocols@1.4.6
127 silly idealTree +-- proxy-addr@2.0.3
127 silly idealTree +-- punycode@1.4.1
127 silly idealTree +-- qs@6.5.2
127 silly idealTree +-- querystring@0.2.0
127 silly idealTree +-- random-bytes@1.0.0
127 silly idealTree +-- range-parser@1.2.0
127 silly idealTree +-- raw-body@2.3.2
127 silly idealTree | +-- depd@1.1.1
127 silly idealTree | +-- http-errors@1.6.2
127 silly idealTree | `-- setprototypeof@1.0.3
127 silly idealTree +-- read-chunk@1.0.1
127 silly idealTree +-- readable-stream@1.1.14
127 silly idealTree +-- repeating@1.1.3
127 silly idealTree +-- request-promise-core@1.1.1
127 silly idealTree +-- request-promise@4.2.2
127 silly idealTree +-- request@2.85.0
127 silly idealTree +-- resize-image@0.1.0
127 silly idealTree +-- rndm@1.2.0
127 silly idealTree +-- safe-buffer@5.1.2
127 silly idealTree +-- same-time@2.3.3
127 silly idealTree | `-- deffy@2.0.0
127 silly idealTree +-- sax@1.2.4
127 silly idealTree +-- say@0.14.0
127 silly idealTree +-- send@0.16.2
127 silly idealTree | +-- mime@1.4.1
127 silly idealTree | `-- statuses@1.4.0
127 silly idealTree +-- serve-static@1.13.2
127 silly idealTree +-- set-or-get@1.2.8
127 silly idealTree +-- setprototypeof@1.1.0
127 silly idealTree +-- sliced@1.0.1
127 silly idealTree +-- sntp@2.1.0
127 silly idealTree +-- sshpk@1.14.1
127 silly idealTree +-- statuses@1.5.0
127 silly idealTree +-- stealthy-require@1.1.1
127 silly idealTree +-- stream-to-buffer@0.1.0
127 silly idealTree +-- stream-to@0.2.2
127 silly idealTree +-- string_decoder@0.10.31
127 silly idealTree +-- string-template@1.0.0
127 silly idealTree +-- string-width@1.0.2
127 silly idealTree +-- stringstream@0.0.5
127 silly idealTree +-- strip-ansi@3.0.1
127 silly idealTree +-- supports-color@2.0.0
127 silly idealTree +-- text-to-mp3@1.0.4
127 silly idealTree +-- timed-out@4.0.1
127 silly idealTree +-- tinycolor2@1.4.1
127 silly idealTree +-- tough-cookie@2.3.4
127 silly idealTree +-- transformer@1.2.6
127 silly idealTree +-- trim@0.0.1
127 silly idealTree +-- tsscmp@1.0.5
127 silly idealTree +-- tunnel-agent@0.6.0
127 silly idealTree +-- tweetnacl@0.14.5
127 silly idealTree +-- type-is@1.6.16
127 silly idealTree +-- typedarray@0.0.6
127 silly idealTree +-- typpy@2.3.10
127 silly idealTree +-- uid-safe@2.1.4
127 silly idealTree +-- ul@5.2.13
127 silly idealTree +-- unpipe@1.0.0
127 silly idealTree +-- unzip-response@2.0.1
127 silly idealTree +-- url-parse-lax@1.0.0
127 silly idealTree +-- url-regex@3.2.0
127 silly idealTree +-- url@0.11.0
127 silly idealTree | `-- punycode@1.3.2
127 silly idealTree +-- util-deprecate@1.0.2
127 silly idealTree +-- utils-merge@1.0.1
127 silly idealTree +-- uuid@3.2.1
127 silly idealTree +-- vary@1.1.2
127 silly idealTree +-- verror@1.10.0
127 silly idealTree +-- videoshow@0.1.11
127 silly idealTree +-- when@3.7.8
127 silly idealTree +-- which@1.3.0
127 silly idealTree +-- window-size@0.1.4
127 silly idealTree +-- wrap-ansi@2.1.0
127 silly idealTree +-- xhr@2.4.1
127 silly idealTree +-- xml-parse-from-string@1.0.1
127 silly idealTree +-- xml2js@0.4.19
127 silly idealTree +-- xmlbuilder@9.0.7
127 silly idealTree +-- xtend@4.0.1
127 silly idealTree +-- y18n@3.2.1
127 silly idealTree +-- yargs@3.32.0
127 silly idealTree `-- youtube-api@2.0.9
128 silly generateActionsToTake Starting
129 silly install generateActionsToTake
130 silly generateActionsToTake Finishing
131 silly diffTrees action count 2
132 silly diffTrees add nan@2.10.0
133 silly diffTrees add iconv@2.3.0
134 silly decomposeActions action count 16
135 silly decomposeActions fetch nan@2.10.0
136 silly decomposeActions extract nan@2.10.0
137 silly decomposeActions test nan@2.10.0
138 silly decomposeActions preinstall nan@2.10.0
139 silly decomposeActions build nan@2.10.0
140 silly decomposeActions install nan@2.10.0
141 silly decomposeActions postinstall nan@2.10.0
142 silly decomposeActions finalize nan@2.10.0
143 silly decomposeActions fetch iconv@2.3.0
144 silly decomposeActions extract iconv@2.3.0
145 silly decomposeActions test iconv@2.3.0
146 silly decomposeActions preinstall iconv@2.3.0
147 silly decomposeActions build iconv@2.3.0
148 silly decomposeActions install iconv@2.3.0
149 silly decomposeActions postinstall iconv@2.3.0
150 silly decomposeActions finalize iconv@2.3.0
151 silly runTopLevelLifecycles Starting
152 silly executeActions Starting
153 silly install executeActions
154 silly doSerial global-install 0
155 silly doParallel fetch 2
156 verbose correctMkdir C:\Users\Julien\AppData\Roaming\npm-cache\_locks correctMkdir not in flight; initializing
157 verbose lock using C:\Users\Julien\AppData\Roaming\npm-cache\_locks\staging-96aa51952b5179b0.lock for c:\YoutuBot\node_modules\.staging
158 silly doParallel extract 2
159 silly extract nan@2.10.0
160 silly extract iconv@2.3.0
161 verbose unbuild node_modules\.staging\nan-b70903a9
162 verbose unbuild node_modules\.staging\iconv-c816b608
163 silly gentlyRm c:\YoutuBot\node_modules\.staging\nan-b70903a9 is being purged from base c:\YoutuBot
164 verbose gentlyRm don't care about contents; nuking c:\YoutuBot\node_modules\.staging\nan-b70903a9
165 silly gentlyRm c:\YoutuBot\node_modules\.staging\iconv-c816b608 is being purged from base c:\YoutuBot
166 verbose gentlyRm don't care about contents; nuking c:\YoutuBot\node_modules\.staging\iconv-c816b608
167 verbose tar unpack C:\Users\Julien\AppData\Roaming\npm-cache\nan\2.10.0\package.tgz
168 verbose tar unpacking to c:\YoutuBot\node_modules\.staging\nan-b70903a9
169 silly gentlyRm c:\YoutuBot\node_modules\.staging\nan-b70903a9 is being purged
170 verbose gentlyRm don't care about contents; nuking c:\YoutuBot\node_modules\.staging\nan-b70903a9
171 verbose tar unpack C:\Users\Julien\AppData\Roaming\npm-cache\iconv\2.3.0\package.tgz
172 verbose tar unpacking to c:\YoutuBot\node_modules\.staging\iconv-c816b608
173 silly gentlyRm c:\YoutuBot\node_modules\.staging\iconv-c816b608 is being purged
174 verbose gentlyRm don't care about contents; nuking c:\YoutuBot\node_modules\.staging\iconv-c816b608
175 silly gunzTarPerm modes [ '777', '666' ]
176 silly gunzTarPerm modes [ '777', '666' ]
177 silly gunzTarPerm extractEntry package.json
178 silly gunzTarPerm modified mode [ 'package.json', 420, 438 ]
179 silly gunzTarPerm extractEntry package.json
180 silly gunzTarPerm modified mode [ 'package.json', 436, 438 ]
181 silly gunzTarPerm extractEntry .npmignore
182 silly gunzTarPerm modified mode [ '.npmignore', 420, 438 ]
183 silly gunzTarPerm extractEntry README.md
184 silly gunzTarPerm modified mode [ 'README.md', 420, 438 ]
185 silly gunzTarPerm extractEntry CHANGELOG.md
186 silly gunzTarPerm modified mode [ 'CHANGELOG.md', 436, 438 ]
187 silly gunzTarPerm extractEntry include_dirs.js
188 silly gunzTarPerm modified mode [ 'include_dirs.js', 436, 438 ]
189 silly gunzTarPerm extractEntry LICENSE
190 silly gunzTarPerm modified mode [ 'LICENSE', 420, 438 ]
191 silly gunzTarPerm extractEntry binding.gyp
192 silly gunzTarPerm modified mode [ 'binding.gyp', 420, 438 ]
193 silly gunzTarPerm extractEntry LICENSE.md
194 silly gunzTarPerm modified mode [ 'LICENSE.md', 436, 438 ]
195 silly gunzTarPerm extractEntry nan_callbacks_12_inl.h
196 silly gunzTarPerm modified mode [ 'nan_callbacks_12_inl.h', 436, 438 ]
197 silly gunzTarPerm extractEntry nan_callbacks_pre_12_inl.h
198 silly gunzTarPerm modified mode [ 'nan_callbacks_pre_12_inl.h', 436, 438 ]
199 silly gunzTarPerm extractEntry nan_callbacks.h
200 silly gunzTarPerm modified mode [ 'nan_callbacks.h', 436, 438 ]
201 silly gunzTarPerm extractEntry deps/libiconv/lib/euc_jp.h
202 silly gunzTarPerm modified mode [ 'deps/libiconv/lib/euc_jp.h', 420, 438 ]
203 silly gunzTarPerm extractEntry deps/libiconv/lib/aliases.h
204 silly gunzTarPerm modified mode [ 'deps/libiconv/lib/aliases.h', 420, 438 ]
205 silly gunzTarPerm extractEntry nan_converters_43_inl.h
206 silly gunzTarPerm modified mode [ 'nan_converters_43_inl.h', 436, 438 ]
207 silly gunzTarPerm extractEntry nan_converters_pre_43_inl.h
208 silly gunzTarPerm modified mode [ 'nan_converters_pre_43_inl.h', 436, 438 ]
209 silly gunzTarPerm extractEntry deps/libiconv/lib/aliases_aix.h
210 silly gunzTarPerm modified mode [ 'deps/libiconv/lib/aliases_aix.h', 420, 438 ]
211 silly gunzTarPerm extractEntry deps/libiconv/lib/aliases_aix_sysaix.h
212 silly gunzTarPerm modified mode [ 'deps/libiconv/lib/aliases_aix_sysaix.h', 420, 438 ]
213 silly gunzTarPerm extractEntry nan_converters.h
214 silly gunzTarPerm modified mode [ 'nan_converters.h', 436, 438 ]
215 silly gunzTarPerm extractEntry nan_define_own_property_helper.h
216 silly gunzTarPerm modified mode [ 'nan_define_own_property_helper.h', 436, 438 ]
217 silly gunzTarPerm extractEntry deps/libiconv/lib/aliases_dos.h
218 silly gunzTarPerm modified mode [ 'deps/libiconv/lib/aliases_dos.h', 420, 438 ]
219 silly gunzTarPerm extractEntry deps/libiconv/lib/aliases_extra.h
220 silly gunzTarPerm modified mode [ 'deps/libiconv/lib/aliases_extra.h', 420, 438 ]
221 silly gunzTarPerm extractEntry nan_implementation_12_inl.h
222 silly gunzTarPerm modified mode [ 'nan_implementation_12_inl.h', 436, 438 ]
223 silly gunzTarPerm extractEntry nan_implementation_pre_12_inl.h
224 silly gunzTarPerm modified mode [ 'nan_implementation_pre_12_inl.h', 436, 438 ]
225 silly gunzTarPerm extractEntry nan_json.h
226 silly gunzTarPerm modified mode [ 'nan_json.h', 436, 438 ]
227 silly gunzTarPerm extractEntry nan_maybe_43_inl.h
228 silly gunzTarPerm modified mode [ 'nan_maybe_43_inl.h', 436, 438 ]
229 silly gunzTarPerm extractEntry nan_maybe_pre_43_inl.h
230 silly gunzTarPerm modified mode [ 'nan_maybe_pre_43_inl.h', 436, 438 ]
231 silly gunzTarPerm extractEntry nan_new.h
232 silly gunzTarPerm modified mode [ 'nan_new.h', 436, 438 ]
233 silly gunzTarPerm extractEntry nan_object_wrap.h
234 silly gunzTarPerm modified mode [ 'nan_object_wrap.h', 436, 438 ]
235 silly gunzTarPerm extractEntry deps/libiconv/lib/aliases_osf1.h
236 silly gunzTarPerm modified mode [ 'deps/libiconv/lib/aliases_osf1.h', 420, 438 ]
237 silly gunzTarPerm extractEntry deps/libiconv/lib/aliases_osf1_sysosf1.h
238 silly gunzTarPerm modified mode [ 'deps/libiconv/lib/aliases_osf1_sysosf1.h', 420, 438 ]
239 silly gunzTarPerm extractEntry nan_persistent_12_inl.h
240 silly gunzTarPerm modified mode [ 'nan_persistent_12_inl.h', 436, 438 ]
241 silly gunzTarPerm extractEntry nan_persistent_pre_12_inl.h
242 silly gunzTarPerm modified mode [ 'nan_persistent_pre_12_inl.h', 436, 438 ]
243 silly gunzTarPerm extractEntry deps/libiconv/lib/aliases_sysaix.h
244 silly gunzTarPerm modified mode [ 'deps/libiconv/lib/aliases_sysaix.h', 420, 438 ]
245 silly gunzTarPerm extractEntry deps/libiconv/lib/aliases_syshpux.h
246 silly gunzTarPerm modified mode [ 'deps/libiconv/lib/aliases_syshpux.h', 420, 438 ]
247 silly gunzTarPerm extractEntry deps/libiconv/lib/aliases_sysosf1.h
248 silly gunzTarPerm modified mode [ 'deps/libiconv/lib/aliases_sysosf1.h', 420, 438 ]
249 silly gunzTarPerm extractEntry nan_private.h
250 silly gunzTarPerm modified mode [ 'nan_private.h', 436, 438 ]
251 silly gunzTarPerm extractEntry nan_string_bytes.h
252 silly gunzTarPerm modified mode [ 'nan_string_bytes.h', 436, 438 ]
253 silly gunzTarPerm extractEntry deps/libiconv/lib/aliases_syssolaris.h
254 silly gunzTarPerm modified mode [ 'deps/libiconv/lib/aliases_syssolaris.h', 420, 438 ]
255 silly gunzTarPerm extractEntry deps/libiconv/lib/armscii_8.h
256 silly gunzTarPerm modified mode [ 'deps/libiconv/lib/armscii_8.h', 420, 438 ]
257 silly gunzTarPerm extractEntry deps/libiconv/lib/ascii.h
258 silly gunzTarPerm modified mode [ 'deps/libiconv/lib/ascii.h', 420, 438 ]
259 silly gunzTarPerm extractEntry deps/libiconv/lib/atarist.h
260 silly gunzTarPerm modified mode [ 'deps/libiconv/lib/atarist.h', 420, 438 ]
261 silly gunzTarPerm extractEntry nan_typedarray_contents.h
262 silly gunzTarPerm modified mode [ 'nan_typedarray_contents.h', 436, 438 ]
263 silly gunzTarPerm extractEntry nan_weak.h
264 silly gunzTarPerm modified mode [ 'nan_weak.h', 436, 438 ]
265 silly gunzTarPerm extractEntry nan.h
266 silly gunzTarPerm modified mode [ 'nan.h', 436, 438 ]
267 silly gunzTarPerm extractEntry deps/libiconv/lib/big5.h
268 silly gunzTarPerm modified mode [ 'deps/libiconv/lib/big5.h', 420, 438 ]
269 silly gunzTarPerm extractEntry README.md
270 silly gunzTarPerm modified mode [ 'README.md', 436, 438 ]
271 silly gunzTarPerm extractEntry doc/asyncworker.md
272 silly gunzTarPerm modified mode [ 'doc/asyncworker.md', 436, 438 ]
273 silly gunzTarPerm extractEntry doc/buffers.md
274 silly gunzTarPerm modified mode [ 'doc/buffers.md', 436, 438 ]
275 silly gunzTarPerm extractEntry doc/callback.md
276 silly gunzTarPerm modified mode [ 'doc/callback.md', 436, 438 ]
277 silly gunzTarPerm extractEntry deps/libiconv/lib/big5_2003.h
278 silly gunzTarPerm modified mode [ 'deps/libiconv/lib/big5_2003.h', 420, 438 ]
279 silly gunzTarPerm extractEntry doc/converters.md
280 silly gunzTarPerm modified mode [ 'doc/converters.md', 436, 438 ]
281 silly gunzTarPerm extractEntry doc/errors.md
282 silly gunzTarPerm modified mode [ 'doc/errors.md', 436, 438 ]
283 silly gunzTarPerm extractEntry deps/libiconv/lib/big5hkscs1999.h
284 silly gunzTarPerm modified mode [ 'deps/libiconv/lib/big5hkscs1999.h', 420, 438 ]
285 silly gunzTarPerm extractEntry deps/libiconv/lib/big5hkscs2001.h
286 silly gunzTarPerm modified mode [ 'deps/libiconv/lib/big5hkscs2001.h', 420, 438 ]
287 silly gunzTarPerm extractEntry doc/json.md
288 silly gunzTarPerm modified mode [ 'doc/json.md', 436, 438 ]
289 silly gunzTarPerm extractEntry doc/maybe_types.md
290 silly gunzTarPerm modified mode [ 'doc/maybe_types.md', 436, 438 ]
291 silly gunzTarPerm extractEntry deps/libiconv/lib/big5hkscs2004.h
292 silly gunzTarPerm modified mode [ 'deps/libiconv/lib/big5hkscs2004.h', 420, 438 ]
293 silly gunzTarPerm extractEntry deps/libiconv/lib/big5hkscs2008.h
294 silly gunzTarPerm modified mode [ 'deps/libiconv/lib/big5hkscs2008.h', 420, 438 ]
295 silly gunzTarPerm extractEntry doc/methods.md
296 silly gunzTarPerm modified mode [ 'doc/methods.md', 436, 438 ]
297 silly gunzTarPerm extractEntry doc/new.md
298 silly gunzTarPerm modified mode [ 'doc/new.md', 436, 438 ]
299 silly gunzTarPerm extractEntry deps/libiconv/lib/c99.h
300 silly gunzTarPerm modified mode [ 'deps/libiconv/lib/c99.h', 420, 438 ]
301 silly gunzTarPerm extractEntry deps/libiconv/lib/canonical.h
302 silly gunzTarPerm modified mode [ 'deps/libiconv/lib/canonical.h', 420, 438 ]
303 silly gunzTarPerm extractEntry deps/libiconv/lib/canonical_aix.h
304 silly gunzTarPerm modified mode [ 'deps/libiconv/lib/canonical_aix.h', 420, 438 ]
305 silly gunzTarPerm extractEntry deps/libiconv/lib/canonical_aix_sysaix.h
306 silly gunzTarPerm modified mode [ 'deps/libiconv/lib/canonical_aix_sysaix.h', 420, 438 ]
307 silly gunzTarPerm extractEntry deps/libiconv/lib/canonical_dos.h
308 silly gunzTarPerm modified mode [ 'deps/libiconv/lib/canonical_dos.h', 420, 438 ]
309 silly gunzTarPerm extractEntry doc/node_misc.md
310 silly gunzTarPerm modified mode [ 'doc/node_misc.md', 436, 438 ]
311 silly gunzTarPerm extractEntry doc/object_wrappers.md
312 silly gunzTarPerm modified mode [ 'doc/object_wrappers.md', 436, 438 ]
313 silly gunzTarPerm extractEntry deps/libiconv/lib/canonical_extra.h
314 silly gunzTarPerm modified mode [ 'deps/libiconv/lib/canonical_extra.h', 420, 438 ]
315 silly gunzTarPerm extractEntry deps/libiconv/lib/canonical_local.h
316 silly gunzTarPerm modified mode [ 'deps/libiconv/lib/canonical_local.h', 420, 438 ]
317 silly gunzTarPerm extractEntry deps/libiconv/lib/canonical_local_sysaix.h
318 silly gunzTarPerm modified mode [ 'deps/libiconv/lib/canonical_local_sysaix.h', 420, 438 ]
319 silly gunzTarPerm extractEntry deps/libiconv/lib/canonical_local_syshpux.h
320 silly gunzTarPerm modified mode [ 'deps/libiconv/lib/canonical_local_syshpux.h', 420, 438 ]
321 silly gunzTarPerm extractEntry doc/persistent.md
322 silly gunzTarPerm modified mode [ 'doc/persistent.md', 436, 438 ]
323 silly gunzTarPerm extractEntry doc/scopes.md
324 silly gunzTarPerm modified mode [ 'doc/scopes.md', 436, 438 ]
325 silly gunzTarPerm extractEntry doc/script.md
326 silly gunzTarPerm modified mode [ 'doc/script.md', 436, 438 ]
327 silly gunzTarPerm extractEntry doc/string_bytes.md
328 silly gunzTarPerm modified mode [ 'doc/string_bytes.md', 436, 438 ]
329 silly gunzTarPerm extractEntry doc/v8_internals.md
330 silly gunzTarPerm modified mode [ 'doc/v8_internals.md', 436, 438 ]
331 silly gunzTarPerm extractEntry doc/v8_misc.md
332 silly gunzTarPerm modified mode [ 'doc/v8_misc.md', 436, 438 ]
333 silly gunzTarPerm extractEntry tools/1to2.js
334 silly gunzTarPerm modified mode [ 'tools/1to2.js', 509, 511 ]
335 silly gunzTarPerm extractEntry tools/package.json
336 silly gunzTarPerm modified mode [ 'tools/package.json', 436, 438 ]
337 silly gunzTarPerm extractEntry tools/README.md
338 silly gunzTarPerm modified mode [ 'tools/README.md', 436, 438 ]
339 silly gunzTarPerm extractEntry deps/libiconv/lib/canonical_local_sysosf1.h
340 silly gunzTarPerm modified mode [ 'deps/libiconv/lib/canonical_local_sysosf1.h', 420, 438 ]
341 silly gunzTarPerm extractEntry deps/libiconv/lib/canonical_local_syssolaris.h
342 silly gunzTarPerm modified mode [ 'deps/libiconv/lib/canonical_local_syssolaris.h', 420, 438 ]
343 silly gunzTarPerm extractEntry deps/libiconv/lib/canonical_osf1.h
344 silly gunzTarPerm modified mode [ 'deps/libiconv/lib/canonical_osf1.h', 420, 438 ]
345 silly gunzTarPerm extractEntry deps/libiconv/lib/canonical_osf1_sysosf1.h
346 silly gunzTarPerm modified mode [ 'deps/libiconv/lib/canonical_osf1_sysosf1.h', 420, 438 ]
347 silly gunzTarPerm extractEntry deps/libiconv/lib/canonical_sysaix.h
348 silly gunzTarPerm modified mode [ 'deps/libiconv/lib/canonical_sysaix.h', 420, 438 ]
349 silly gunzTarPerm extractEntry deps/libiconv/lib/canonical_syshpux.h
350 silly gunzTarPerm modified mode [ 'deps/libiconv/lib/canonical_syshpux.h', 420, 438 ]
351 silly gunzTarPerm extractEntry deps/libiconv/lib/canonical_sysosf1.h
352 silly gunzTarPerm modified mode [ 'deps/libiconv/lib/canonical_sysosf1.h', 420, 438 ]
353 silly gunzTarPerm extractEntry deps/libiconv/lib/canonical_syssolaris.h
354 silly gunzTarPerm modified mode [ 'deps/libiconv/lib/canonical_syssolaris.h', 420, 438 ]
355 silly gunzTarPerm extractEntry deps/libiconv/lib/ces_big5.h
356 silly gunzTarPerm modified mode [ 'deps/libiconv/lib/ces_big5.h', 420, 438 ]
357 silly gunzTarPerm extractEntry deps/libiconv/lib/ces_gbk.h
358 silly gunzTarPerm modified mode [ 'deps/libiconv/lib/ces_gbk.h', 420, 438 ]
359 silly gunzTarPerm extractEntry deps/libiconv/lib/cjk_variants.h
360 silly gunzTarPerm modified mode [ 'deps/libiconv/lib/cjk_variants.h', 420, 438 ]
361 silly gunzTarPerm extractEntry deps/libiconv/lib/cns11643.h
362 silly gunzTarPerm modified mode [ 'deps/libiconv/lib/cns11643.h', 420, 438 ]
363 silly gunzTarPerm extractEntry deps/libiconv/lib/cns11643_1.h
364 silly gunzTarPerm modified mode [ 'deps/libiconv/lib/cns11643_1.h', 420, 438 ]
365 silly gunzTarPerm extractEntry deps/libiconv/lib/cns11643_15.h
366 silly gunzTarPerm modified mode [ 'deps/libiconv/lib/cns11643_15.h', 420, 438 ]
367 silly gunzTarPerm extractEntry deps/libiconv/lib/cns11643_2.h
368 silly gunzTarPerm modified mode [ 'deps/libiconv/lib/cns11643_2.h', 420, 438 ]
369 silly gunzTarPerm extractEntry deps/libiconv/lib/cns11643_3.h
370 silly gunzTarPerm modified mode [ 'deps/libiconv/lib/cns11643_3.h', 420, 438 ]
371 silly gunzTarPerm extractEntry deps/libiconv/lib/cns11643_4.h
372 silly gunzTarPerm modified mode [ 'deps/libiconv/lib/cns11643_4.h', 420, 438 ]
373 silly gunzTarPerm extractEntry deps/libiconv/lib/cns11643_4a.h
374 silly gunzTarPerm modified mode [ 'deps/libiconv/lib/cns11643_4a.h', 420, 438 ]
375 silly gunzTarPerm extractEntry deps/libiconv/lib/cns11643_4b.h
376 silly gunzTarPerm modified mode [ 'deps/libiconv/lib/cns11643_4b.h', 420, 438 ]
377 silly gunzTarPerm extractEntry deps/libiconv/lib/cns11643_5.h
378 silly gunzTarPerm modified mode [ 'deps/libiconv/lib/cns11643_5.h', 420, 438 ]
379 silly gunzTarPerm extractEntry deps/libiconv/lib/cns11643_6.h
380 silly gunzTarPerm modified mode [ 'deps/libiconv/lib/cns11643_6.h', 420, 438 ]
381 silly gunzTarPerm extractEntry deps/libiconv/lib/cns11643_7.h
382 silly gunzTarPerm modified mode [ 'deps/libiconv/lib/cns11643_7.h', 420, 438 ]
383 silly gunzTarPerm extractEntry deps/libiconv/lib/cns11643_inv.h
384 silly gunzTarPerm modified mode [ 'deps/libiconv/lib/cns11643_inv.h', 420, 438 ]
385 silly gunzTarPerm extractEntry deps/libiconv/lib/converters.h
386 silly gunzTarPerm modified mode [ 'deps/libiconv/lib/converters.h', 420, 438 ]
387 silly gunzTarPerm extractEntry deps/libiconv/lib/cp1046.h
388 silly gunzTarPerm modified mode [ 'deps/libiconv/lib/cp1046.h', 420, 438 ]
389 silly gunzTarPerm extractEntry deps/libiconv/lib/cp1124.h
390 silly gunzTarPerm modified mode [ 'deps/libiconv/lib/cp1124.h', 420, 438 ]
391 silly gunzTarPerm extractEntry deps/libiconv/lib/cp1125.h
392 silly gunzTarPerm modified mode [ 'deps/libiconv/lib/cp1125.h', 420, 438 ]
393 silly gunzTarPerm extractEntry deps/libiconv/lib/cp1129.h
394 silly gunzTarPerm modified mode [ 'deps/libiconv/lib/cp1129.h', 420, 438 ]
395 silly gunzTarPerm extractEntry deps/libiconv/lib/cp1131.h
396 silly gunzTarPerm modified mode [ 'deps/libiconv/lib/cp1131.h', 420, 438 ]
397 silly gunzTarPerm extractEntry deps/libiconv/lib/cp1133.h
398 silly gunzTarPerm modified mode [ 'deps/libiconv/lib/cp1133.h', 420, 438 ]
399 silly gunzTarPerm extractEntry deps/libiconv/lib/cp1161.h
400 silly gunzTarPerm modified mode [ 'deps/libiconv/lib/cp1161.h', 420, 438 ]
401 silly gunzTarPerm extractEntry deps/libiconv/lib/cp1162.h
402 silly gunzTarPerm modified mode [ 'deps/libiconv/lib/cp1162.h', 420, 438 ]
403 silly gunzTarPerm extractEntry deps/libiconv/lib/cp1163.h
404 silly gunzTarPerm modified mode [ 'deps/libiconv/lib/cp1163.h', 420, 438 ]
405 silly gunzTarPerm extractEntry deps/libiconv/lib/cp1250.h
406 silly gunzTarPerm modified mode [ 'deps/libiconv/lib/cp1250.h', 420, 438 ]
407 silly gunzTarPerm extractEntry deps/libiconv/lib/cp1251.h
408 silly gunzTarPerm modified mode [ 'deps/libiconv/lib/cp1251.h', 420, 438 ]
409 silly gunzTarPerm extractEntry deps/libiconv/lib/cp1252.h
410 silly gunzTarPerm modified mode [ 'deps/libiconv/lib/cp1252.h', 420, 438 ]
411 silly gunzTarPerm extractEntry deps/libiconv/lib/cp1253.h
412 silly gunzTarPerm modified mode [ 'deps/libiconv/lib/cp1253.h', 420, 438 ]
413 silly gunzTarPerm extractEntry deps/libiconv/lib/cp1254.h
414 silly gunzTarPerm modified mode [ 'deps/libiconv/lib/cp1254.h', 420, 438 ]
415 silly gunzTarPerm extractEntry deps/libiconv/lib/cp1255.h
416 silly gunzTarPerm modified mode [ 'deps/libiconv/lib/cp1255.h', 420, 438 ]
417 silly gunzTarPerm extractEntry deps/libiconv/lib/cp1256.h
418 silly gunzTarPerm modified mode [ 'deps/libiconv/lib/cp1256.h', 420, 438 ]
419 silly gunzTarPerm extractEntry deps/libiconv/lib/cp1257.h
420 silly gunzTarPerm modified mode [ 'deps/libiconv/lib/cp1257.h', 420, 438 ]
421 silly gunzTarPerm extractEntry deps/libiconv/lib/cp1258.h
422 silly gunzTarPerm modified mode [ 'deps/libiconv/lib/cp1258.h', 420, 438 ]
423 silly gunzTarPerm extractEntry deps/libiconv/lib/cp437.h
424 silly gunzTarPerm modified mode [ 'deps/libiconv/lib/cp437.h', 420, 438 ]
425 silly gunzTarPerm extractEntry deps/libiconv/lib/cp50221_0208_ext.h
426 silly gunzTarPerm modified mode [ 'deps/libiconv/lib/cp50221_0208_ext.h', 420, 438 ]
427 silly gunzTarPerm extractEntry deps/libiconv/lib/cp50221_0212_ext.h
428 silly gunzTarPerm modified mode [ 'deps/libiconv/lib/cp50221_0212_ext.h', 420, 438 ]
429 silly gunzTarPerm extractEntry deps/libiconv/lib/cp737.h
430 silly gunzTarPerm modified mode [ 'deps/libiconv/lib/cp737.h', 420, 438 ]
431 silly gunzTarPerm extractEntry deps/libiconv/lib/cp775.h
432 silly gunzTarPerm modified mode [ 'deps/libiconv/lib/cp775.h', 420, 438 ]
433 silly gunzTarPerm extractEntry deps/libiconv/lib/cp850.h
434 silly gunzTarPerm modified mode [ 'deps/libiconv/lib/cp850.h', 420, 438 ]
435 silly gunzTarPerm extractEntry deps/libiconv/lib/cp852.h
436 silly gunzTarPerm modified mode [ 'deps/libiconv/lib/cp852.h', 420, 438 ]
437 silly gunzTarPerm extractEntry deps/libiconv/lib/cp853.h
438 silly gunzTarPerm modified mode [ 'deps/libiconv/lib/cp853.h', 420, 438 ]
439 silly gunzTarPerm extractEntry deps/libiconv/lib/cp855.h
440 silly gunzTarPerm modified mode [ 'deps/libiconv/lib/cp855.h', 420, 438 ]
441 silly gunzTarPerm extractEntry deps/libiconv/lib/cp856.h
442 silly gunzTarPerm modified mode [ 'deps/libiconv/lib/cp856.h', 420, 438 ]
443 silly gunzTarPerm extractEntry deps/libiconv/lib/cp857.h
444 silly gunzTarPerm modified mode [ 'deps/libiconv/lib/cp857.h', 420, 438 ]
445 silly gunzTarPerm extractEntry deps/libiconv/lib/cp858.h
446 silly gunzTarPerm modified mode [ 'deps/libiconv/lib/cp858.h', 420, 438 ]
447 silly gunzTarPerm extractEntry deps/libiconv/lib/cp860.h
448 silly gunzTarPerm modified mode [ 'deps/libiconv/lib/cp860.h', 420, 438 ]
449 silly gunzTarPerm extractEntry deps/libiconv/lib/cp861.h
450 silly gunzTarPerm modified mode [ 'deps/libiconv/lib/cp861.h', 420, 438 ]
451 silly gunzTarPerm extractEntry deps/libiconv/lib/cp862.h
452 silly gunzTarPerm modified mode [ 'deps/libiconv/lib/cp862.h', 420, 438 ]
453 silly gunzTarPerm extractEntry deps/libiconv/lib/cp863.h
454 silly gunzTarPerm modified mode [ 'deps/libiconv/lib/cp863.h', 420, 438 ]
455 silly gunzTarPerm extractEntry deps/libiconv/lib/cp864.h
456 silly gunzTarPerm modified mode [ 'deps/libiconv/lib/cp864.h', 420, 438 ]
457 silly gentlyRm c:\YoutuBot\node_modules\.staging\nan-b70903a9\node_modules is being purged
458 verbose gentlyRm don't care about contents; nuking c:\YoutuBot\node_modules\.staging\nan-b70903a9\node_modules
459 silly gunzTarPerm extractEntry deps/libiconv/lib/cp865.h
460 silly gunzTarPerm modified mode [ 'deps/libiconv/lib/cp865.h', 420, 438 ]
461 silly gunzTarPerm extractEntry deps/libiconv/lib/cp866.h
462 silly gunzTarPerm modified mode [ 'deps/libiconv/lib/cp866.h', 420, 438 ]
463 silly gunzTarPerm extractEntry deps/libiconv/lib/cp869.h
464 silly gunzTarPerm modified mode [ 'deps/libiconv/lib/cp869.h', 420, 438 ]
465 silly gunzTarPerm extractEntry deps/libiconv/lib/cp874.h
466 silly gunzTarPerm modified mode [ 'deps/libiconv/lib/cp874.h', 420, 438 ]
467 silly gunzTarPerm extractEntry deps/libiconv/lib/cp922.h
468 silly gunzTarPerm modified mode [ 'deps/libiconv/lib/cp922.h', 420, 438 ]
469 silly gunzTarPerm extractEntry deps/libiconv/lib/cp932.h
470 silly gunzTarPerm modified mode [ 'deps/libiconv/lib/cp932.h', 420, 438 ]
471 silly gunzTarPerm extractEntry deps/libiconv/lib/cp932ext.h
472 silly gunzTarPerm modified mode [ 'deps/libiconv/lib/cp932ext.h', 420, 438 ]
473 silly gunzTarPerm extractEntry deps/libiconv/lib/cp936.h
474 silly gunzTarPerm modified mode [ 'deps/libiconv/lib/cp936.h', 420, 438 ]
475 silly gunzTarPerm extractEntry deps/libiconv/lib/cp936ext.h
476 silly gunzTarPerm modified mode [ 'deps/libiconv/lib/cp936ext.h', 420, 438 ]
477 silly gunzTarPerm extractEntry deps/libiconv/lib/cp943.h
478 silly gunzTarPerm modified mode [ 'deps/libiconv/lib/cp943.h', 420, 438 ]
479 silly gunzTarPerm extractEntry deps/libiconv/lib/cp949.h
480 silly gunzTarPerm modified mode [ 'deps/libiconv/lib/cp949.h', 420, 438 ]
481 silly gunzTarPerm extractEntry deps/libiconv/lib/cp950.h
482 silly gunzTarPerm modified mode [ 'deps/libiconv/lib/cp950.h', 420, 438 ]
483 silly gunzTarPerm extractEntry deps/libiconv/lib/cp950ext.h
484 silly gunzTarPerm modified mode [ 'deps/libiconv/lib/cp950ext.h', 420, 438 ]
485 silly gunzTarPerm extractEntry deps/libiconv/lib/dec_hanyu.h
486 silly gunzTarPerm modified mode [ 'deps/libiconv/lib/dec_hanyu.h', 420, 438 ]
487 silly gunzTarPerm extractEntry deps/libiconv/lib/dec_kanji.h
488 silly gunzTarPerm modified mode [ 'deps/libiconv/lib/dec_kanji.h', 420, 438 ]
489 silly gunzTarPerm extractEntry deps/libiconv/lib/encodings.def
490 silly gunzTarPerm modified mode [ 'deps/libiconv/lib/encodings.def', 420, 438 ]
491 silly gunzTarPerm extractEntry deps/libiconv/lib/encodings_aix.def
492 silly gunzTarPerm modified mode [ 'deps/libiconv/lib/encodings_aix.def', 420, 438 ]
493 silly gunzTarPerm extractEntry deps/libiconv/lib/encodings_dos.def
494 silly gunzTarPerm modified mode [ 'deps/libiconv/lib/encodings_dos.def', 420, 438 ]
495 silly gunzTarPerm extractEntry deps/libiconv/lib/encodings_extra.def
496 silly gunzTarPerm modified mode [ 'deps/libiconv/lib/encodings_extra.def', 420, 438 ]
497 silly gunzTarPerm extractEntry deps/libiconv/lib/encodings_local.def
498 silly gunzTarPerm modified mode [ 'deps/libiconv/lib/encodings_local.def', 420, 438 ]
499 silly gunzTarPerm extractEntry deps/libiconv/lib/encodings_osf1.def
500 silly gunzTarPerm modified mode [ 'deps/libiconv/lib/encodings_osf1.def', 420, 438 ]
501 silly gunzTarPerm extractEntry deps/libiconv/lib/euc_cn.h
502 silly gunzTarPerm modified mode [ 'deps/libiconv/lib/euc_cn.h', 420, 438 ]
503 silly gunzTarPerm extractEntry deps/libiconv/lib/euc_jisx0213.h
504 silly gunzTarPerm modified mode [ 'deps/libiconv/lib/euc_jisx0213.h', 420, 438 ]
505 silly gunzTarPerm extractEntry deps/libiconv/lib/aliases2.h
506 silly gunzTarPerm modified mode [ 'deps/libiconv/lib/aliases2.h', 420, 438 ]
507 silly gunzTarPerm extractEntry deps/libiconv/lib/euc_kr.h
508 silly gunzTarPerm modified mode [ 'deps/libiconv/lib/euc_kr.h', 420, 438 ]
509 silly gunzTarPerm extractEntry deps/libiconv/lib/euc_tw.h
510 silly gunzTarPerm modified mode [ 'deps/libiconv/lib/euc_tw.h', 420, 438 ]
511 silly gunzTarPerm extractEntry deps/libiconv/lib/flags.h
512 silly gunzTarPerm modified mode [ 'deps/libiconv/lib/flags.h', 420, 438 ]
513 silly gunzTarPerm extractEntry deps/libiconv/lib/flushwc.h
514 silly gunzTarPerm modified mode [ 'deps/libiconv/lib/flushwc.h', 420, 438 ]
515 silly gunzTarPerm extractEntry deps/libiconv/lib/gb12345.h
516 silly gunzTarPerm modified mode [ 'deps/libiconv/lib/gb12345.h', 420, 438 ]
517 silly gunzTarPerm extractEntry deps/libiconv/lib/gb12345ext.h
518 silly gunzTarPerm modified mode [ 'deps/libiconv/lib/gb12345ext.h', 420, 438 ]
519 silly gunzTarPerm extractEntry deps/libiconv/lib/gb18030.h
520 silly gunzTarPerm modified mode [ 'deps/libiconv/lib/gb18030.h', 420, 438 ]
521 silly gunzTarPerm extractEntry deps/libiconv/lib/gb18030ext.h
522 silly gunzTarPerm modified mode [ 'deps/libiconv/lib/gb18030ext.h', 420, 438 ]
523 silly gunzTarPerm extractEntry deps/libiconv/lib/gb18030uni.h
524 silly gunzTarPerm modified mode [ 'deps/libiconv/lib/gb18030uni.h', 420, 438 ]
525 silly gunzTarPerm extractEntry deps/libiconv/lib/gb2312.h
526 silly gunzTarPerm modified mode [ 'deps/libiconv/lib/gb2312.h', 420, 438 ]
527 silly gunzTarPerm extractEntry deps/libiconv/lib/gbk.h
528 silly gunzTarPerm modified mode [ 'deps/libiconv/lib/gbk.h', 420, 438 ]
529 silly gunzTarPerm extractEntry deps/libiconv/lib/gbkext1.h
530 silly gunzTarPerm modified mode [ 'deps/libiconv/lib/gbkext1.h', 420, 438 ]
531 silly gunzTarPerm extractEntry deps/libiconv/lib/gbkext2.h
532 silly gunzTarPerm modified mode [ 'deps/libiconv/lib/gbkext2.h', 420, 438 ]
533 silly gunzTarPerm extractEntry deps/libiconv/lib/gbkext_inv.h
534 silly gunzTarPerm modified mode [ 'deps/libiconv/lib/gbkext_inv.h', 420, 438 ]
535 silly gunzTarPerm extractEntry deps/libiconv/lib/georgian_academy.h
536 silly gunzTarPerm modified mode [ 'deps/libiconv/lib/georgian_academy.h', 420, 438 ]
537 silly gunzTarPerm extractEntry deps/libiconv/lib/georgian_ps.h
538 silly gunzTarPerm modified mode [ 'deps/libiconv/lib/georgian_ps.h', 420, 438 ]
539 silly gunzTarPerm extractEntry deps/libiconv/lib/hkscs1999.h
540 silly gunzTarPerm modified mode [ 'deps/libiconv/lib/hkscs1999.h', 420, 438 ]
541 silly gunzTarPerm extractEntry deps/libiconv/lib/hkscs2001.h
542 silly gunzTarPerm modified mode [ 'deps/libiconv/lib/hkscs2001.h', 420, 438 ]
543 silly gunzTarPerm extractEntry deps/libiconv/lib/hkscs2004.h
544 silly gunzTarPerm modified mode [ 'deps/libiconv/lib/hkscs2004.h', 420, 438 ]
545 silly gunzTarPerm extractEntry deps/libiconv/lib/hkscs2008.h
546 silly gunzTarPerm modified mode [ 'deps/libiconv/lib/hkscs2008.h', 420, 438 ]
547 silly gunzTarPerm extractEntry deps/libiconv/lib/hp_roman8.h
548 silly gunzTarPerm modified mode [ 'deps/libiconv/lib/hp_roman8.h', 420, 438 ]
549 silly gunzTarPerm extractEntry deps/libiconv/lib/hz.h
550 silly gunzTarPerm modified mode [ 'deps/libiconv/lib/hz.h', 420, 438 ]
551 silly gunzTarPerm extractEntry deps/libiconv/lib/iconv.c
552 silly gunzTarPerm modified mode [ 'deps/libiconv/lib/iconv.c', 420, 438 ]
553 silly gunzTarPerm extractEntry deps/libiconv/lib/iconv_open1.h
554 silly gunzTarPerm modified mode [ 'deps/libiconv/lib/iconv_open1.h', 420, 438 ]
555 silly gunzTarPerm extractEntry deps/libiconv/lib/iconv_open2.h
556 silly gunzTarPerm modified mode [ 'deps/libiconv/lib/iconv_open2.h', 420, 438 ]
557 silly gunzTarPerm extractEntry deps/libiconv/lib/iso2022_cn.h
558 silly gunzTarPerm modified mode [ 'deps/libiconv/lib/iso2022_cn.h', 420, 438 ]
559 silly gunzTarPerm extractEntry deps/libiconv/lib/iso2022_cnext.h
560 silly gunzTarPerm modified mode [ 'deps/libiconv/lib/iso2022_cnext.h', 420, 438 ]
561 silly gunzTarPerm extractEntry deps/libiconv/lib/iso2022_jp.h
562 silly gunzTarPerm modified mode [ 'deps/libiconv/lib/iso2022_jp.h', 420, 438 ]
563 silly gunzTarPerm extractEntry deps/libiconv/lib/iso2022_jp1.h
564 silly gunzTarPerm modified mode [ 'deps/libiconv/lib/iso2022_jp1.h', 420, 438 ]
565 silly gunzTarPerm extractEntry deps/libiconv/lib/iso2022_jp2.h
566 silly gunzTarPerm modified mode [ 'deps/libiconv/lib/iso2022_jp2.h', 420, 438 ]
567 silly gunzTarPerm extractEntry deps/libiconv/lib/iso2022_jp3.h
568 silly gunzTarPerm modified mode [ 'deps/libiconv/lib/iso2022_jp3.h', 420, 438 ]
569 silly gunzTarPerm extractEntry deps/libiconv/lib/iso2022_jpms.h
570 silly gunzTarPerm modified mode [ 'deps/libiconv/lib/iso2022_jpms.h', 420, 438 ]
571 silly gunzTarPerm extractEntry deps/libiconv/lib/iso2022_kr.h
572 silly gunzTarPerm modified mode [ 'deps/libiconv/lib/iso2022_kr.h', 420, 438 ]
573 silly gunzTarPerm extractEntry deps/libiconv/lib/iso646_cn.h
574 silly gunzTarPerm modified mode [ 'deps/libiconv/lib/iso646_cn.h', 420, 438 ]
575 silly gunzTarPerm extractEntry deps/libiconv/lib/iso646_jp.h
576 silly gunzTarPerm modified mode [ 'deps/libiconv/lib/iso646_jp.h', 420, 438 ]
577 silly gunzTarPerm extractEntry deps/libiconv/lib/iso8859_1.h
578 silly gunzTarPerm modified mode [ 'deps/libiconv/lib/iso8859_1.h', 420, 438 ]
579 silly gunzTarPerm extractEntry deps/libiconv/lib/iso8859_10.h
580 silly gunzTarPerm modified mode [ 'deps/libiconv/lib/iso8859_10.h', 420, 438 ]
581 silly gunzTarPerm extractEntry deps/libiconv/lib/iso8859_11.h
582 silly gunzTarPerm modified mode [ 'deps/libiconv/lib/iso8859_11.h', 420, 438 ]
583 silly gunzTarPerm extractEntry deps/libiconv/lib/iso8859_13.h
584 silly gunzTarPerm modified mode [ 'deps/libiconv/lib/iso8859_13.h', 420, 438 ]
585 silly gunzTarPerm extractEntry deps/libiconv/lib/iso8859_14.h
586 silly gunzTarPerm modified mode [ 'deps/libiconv/lib/iso8859_14.h', 420, 438 ]
587 silly gunzTarPerm extractEntry deps/libiconv/lib/iso8859_15.h
588 silly gunzTarPerm modified mode [ 'deps/libiconv/lib/iso8859_15.h', 420, 438 ]
589 silly gunzTarPerm extractEntry deps/libiconv/lib/iso8859_16.h
590 silly gunzTarPerm modified mode [ 'deps/libiconv/lib/iso8859_16.h', 420, 438 ]
591 silly gunzTarPerm extractEntry deps/libiconv/lib/iso8859_2.h
592 silly gunzTarPerm modified mode [ 'deps/libiconv/lib/iso8859_2.h', 420, 438 ]
593 silly gunzTarPerm extractEntry deps/libiconv/lib/iso8859_3.h
594 silly gunzTarPerm modified mode [ 'deps/libiconv/lib/iso8859_3.h', 420, 438 ]
595 silly gunzTarPerm extractEntry deps/libiconv/lib/iso8859_4.h
596 silly gunzTarPerm modified mode [ 'deps/libiconv/lib/iso8859_4.h', 420, 438 ]
597 silly gunzTarPerm extractEntry deps/libiconv/lib/iso8859_5.h
598 silly gunzTarPerm modified mode [ 'deps/libiconv/lib/iso8859_5.h', 420, 438 ]
599 silly gunzTarPerm extractEntry deps/libiconv/lib/iso8859_6.h
600 silly gunzTarPerm modified mode [ 'deps/libiconv/lib/iso8859_6.h', 420, 438 ]
601 silly gunzTarPerm extractEntry deps/libiconv/lib/iso8859_7.h
602 silly gunzTarPerm modified mode [ 'deps/libiconv/lib/iso8859_7.h', 420, 438 ]
603 silly gunzTarPerm extractEntry deps/libiconv/lib/iso8859_8.h
604 silly gunzTarPerm modified mode [ 'deps/libiconv/lib/iso8859_8.h', 420, 438 ]
605 silly gunzTarPerm extractEntry deps/libiconv/lib/iso8859_9.h
606 silly gunzTarPerm modified mode [ 'deps/libiconv/lib/iso8859_9.h', 420, 438 ]
607 silly gunzTarPerm extractEntry deps/libiconv/lib/isoir165.h
608 silly gunzTarPerm modified mode [ 'deps/libiconv/lib/isoir165.h', 420, 438 ]
609 silly gunzTarPerm extractEntry deps/libiconv/lib/isoir165ext.h
610 silly gunzTarPerm modified mode [ 'deps/libiconv/lib/isoir165ext.h', 420, 438 ]
611 silly gunzTarPerm extractEntry deps/libiconv/lib/java.h
612 silly gunzTarPerm modified mode [ 'deps/libiconv/lib/java.h', 420, 438 ]
613 silly gunzTarPerm extractEntry deps/libiconv/lib/jisx0201.h
614 silly gunzTarPerm modified mode [ 'deps/libiconv/lib/jisx0201.h', 420, 438 ]
615 silly gunzTarPerm extractEntry deps/libiconv/lib/jisx0208.h
616 silly gunzTarPerm modified mode [ 'deps/libiconv/lib/jisx0208.h', 420, 438 ]
617 silly gunzTarPerm extractEntry deps/libiconv/lib/jisx0212.h
618 silly gunzTarPerm modified mode [ 'deps/libiconv/lib/jisx0212.h', 420, 438 ]
619 silly gunzTarPerm extractEntry deps/libiconv/lib/jisx0213.h
620 silly gunzTarPerm modified mode [ 'deps/libiconv/lib/jisx0213.h', 420, 438 ]
621 silly gunzTarPerm extractEntry deps/libiconv/lib/johab.h
622 silly gunzTarPerm modified mode [ 'deps/libiconv/lib/johab.h', 420, 438 ]
623 silly gunzTarPerm extractEntry deps/libiconv/lib/johab_hangul.h
624 silly gunzTarPerm modified mode [ 'deps/libiconv/lib/johab_hangul.h', 420, 438 ]
625 silly gunzTarPerm extractEntry deps/libiconv/lib/koi8_r.h
626 silly gunzTarPerm modified mode [ 'deps/libiconv/lib/koi8_r.h', 420, 438 ]
627 silly gunzTarPerm extractEntry deps/libiconv/lib/koi8_ru.h
628 silly gunzTarPerm modified mode [ 'deps/libiconv/lib/koi8_ru.h', 420, 438 ]
629 silly gunzTarPerm extractEntry deps/libiconv/lib/koi8_t.h
630 silly gunzTarPerm modified mode [ 'deps/libiconv/lib/koi8_t.h', 420, 438 ]
631 silly gunzTarPerm extractEntry deps/libiconv/lib/koi8_u.h
632 silly gunzTarPerm modified mode [ 'deps/libiconv/lib/koi8_u.h', 420, 438 ]
633 silly gunzTarPerm extractEntry deps/libiconv/lib/ksc5601.h
634 silly gunzTarPerm modified mode [ 'deps/libiconv/lib/ksc5601.h', 420, 438 ]
635 silly gunzTarPerm extractEntry deps/libiconv/lib/loop_unicode.h
636 silly gunzTarPerm modified mode [ 'deps/libiconv/lib/loop_unicode.h', 420, 438 ]
637 silly gunzTarPerm extractEntry deps/libiconv/lib/loop_wchar.h
638 silly gunzTarPerm modified mode [ 'deps/libiconv/lib/loop_wchar.h', 420, 438 ]
639 silly gunzTarPerm extractEntry deps/libiconv/lib/loops.h
640 silly gunzTarPerm modified mode [ 'deps/libiconv/lib/loops.h', 420, 438 ]
641 silly gunzTarPerm extractEntry deps/libiconv/lib/mac_arabic.h
642 silly gunzTarPerm modified mode [ 'deps/libiconv/lib/mac_arabic.h', 420, 438 ]
643 silly gunzTarPerm extractEntry deps/libiconv/lib/mac_centraleurope.h
644 silly gunzTarPerm modified mode [ 'deps/libiconv/lib/mac_centraleurope.h', 420, 438 ]
645 silly gunzTarPerm extractEntry deps/libiconv/lib/mac_croatian.h
646 silly gunzTarPerm modified mode [ 'deps/libiconv/lib/mac_croatian.h', 420, 438 ]
647 silly gunzTarPerm extractEntry deps/libiconv/lib/mac_cyrillic.h
648 silly gunzTarPerm modified mode [ 'deps/libiconv/lib/mac_cyrillic.h', 420, 438 ]
649 silly gunzTarPerm extractEntry deps/libiconv/lib/mac_greek.h
650 silly gunzTarPerm modified mode [ 'deps/libiconv/lib/mac_greek.h', 420, 438 ]
651 silly gunzTarPerm extractEntry deps/libiconv/lib/mac_hebrew.h
652 silly gunzTarPerm modified mode [ 'deps/libiconv/lib/mac_hebrew.h', 420, 438 ]
653 silly gunzTarPerm extractEntry deps/libiconv/lib/mac_iceland.h
654 silly gunzTarPerm modified mode [ 'deps/libiconv/lib/mac_iceland.h', 420, 438 ]
655 silly gunzTarPerm extractEntry deps/libiconv/lib/mac_roman.h
656 silly gunzTarPerm modified mode [ 'deps/libiconv/lib/mac_roman.h', 420, 438 ]
657 silly gunzTarPerm extractEntry deps/libiconv/lib/mac_romania.h
658 silly gunzTarPerm modified mode [ 'deps/libiconv/lib/mac_romania.h', 420, 438 ]
659 silly gunzTarPerm extractEntry deps/libiconv/lib/mac_thai.h
660 silly gunzTarPerm modified mode [ 'deps/libiconv/lib/mac_thai.h', 420, 438 ]
661 silly gunzTarPerm extractEntry deps/libiconv/lib/mac_turkish.h
662 silly gunzTarPerm modified mode [ 'deps/libiconv/lib/mac_turkish.h', 420, 438 ]
663 silly gunzTarPerm extractEntry deps/libiconv/lib/mac_ukraine.h
664 silly gunzTarPerm modified mode [ 'deps/libiconv/lib/mac_ukraine.h', 420, 438 ]
665 silly gunzTarPerm extractEntry deps/libiconv/lib/mulelao.h
666 silly gunzTarPerm modified mode [ 'deps/libiconv/lib/mulelao.h', 420, 438 ]
667 silly gunzTarPerm extractEntry deps/libiconv/lib/nextstep.h
668 silly gunzTarPerm modified mode [ 'deps/libiconv/lib/nextstep.h', 420, 438 ]
669 silly gunzTarPerm extractEntry deps/libiconv/lib/pt154.h
670 silly gunzTarPerm modified mode [ 'deps/libiconv/lib/pt154.h', 420, 438 ]
671 silly gunzTarPerm extractEntry deps/libiconv/lib/riscos1.h
672 silly gunzTarPerm modified mode [ 'deps/libiconv/lib/riscos1.h', 420, 438 ]
673 silly gunzTarPerm extractEntry deps/libiconv/lib/rk1048.h
674 silly gunzTarPerm modified mode [ 'deps/libiconv/lib/rk1048.h', 420, 438 ]
675 silly gunzTarPerm extractEntry deps/libiconv/lib/shift_jisx0213.h
676 silly gunzTarPerm modified mode [ 'deps/libiconv/lib/shift_jisx0213.h', 420, 438 ]
677 silly gunzTarPerm extractEntry deps/libiconv/lib/sjis.h
678 silly gunzTarPerm modified mode [ 'deps/libiconv/lib/sjis.h', 420, 438 ]
679 silly gunzTarPerm extractEntry deps/libiconv/lib/tcvn.h
680 silly gunzTarPerm modified mode [ 'deps/libiconv/lib/tcvn.h', 420, 438 ]
681 silly gunzTarPerm extractEntry deps/libiconv/lib/tds565.h
682 silly gunzTarPerm modified mode [ 'deps/libiconv/lib/tds565.h', 420, 438 ]
683 silly gunzTarPerm extractEntry deps/libiconv/lib/tis620.h
684 silly gunzTarPerm modified mode [ 'deps/libiconv/lib/tis620.h', 420, 438 ]
685 silly gunzTarPerm extractEntry deps/libiconv/lib/translit.h
686 silly gunzTarPerm modified mode [ 'deps/libiconv/lib/translit.h', 420, 438 ]
687 silly gunzTarPerm extractEntry deps/libiconv/lib/ucs2.h
688 silly gunzTarPerm modified mode [ 'deps/libiconv/lib/ucs2.h', 420, 438 ]
689 silly gunzTarPerm extractEntry deps/libiconv/lib/ucs2be.h
690 silly gunzTarPerm modified mode [ 'deps/libiconv/lib/ucs2be.h', 420, 438 ]
691 silly gunzTarPerm extractEntry deps/libiconv/lib/ucs2internal.h
692 silly gunzTarPerm modified mode [ 'deps/libiconv/lib/ucs2internal.h', 420, 438 ]
693 silly gunzTarPerm extractEntry deps/libiconv/lib/ucs2le.h
694 silly gunzTarPerm modified mode [ 'deps/libiconv/lib/ucs2le.h', 420, 438 ]
695 silly gunzTarPerm extractEntry deps/libiconv/lib/ucs2swapped.h
696 silly gunzTarPerm modified mode [ 'deps/libiconv/lib/ucs2swapped.h', 420, 438 ]
697 silly gunzTarPerm extractEntry deps/libiconv/lib/ucs4.h
698 silly gunzTarPerm modified mode [ 'deps/libiconv/lib/ucs4.h', 420, 438 ]
699 silly gunzTarPerm extractEntry deps/libiconv/lib/ucs4be.h
700 silly gunzTarPerm modified mode [ 'deps/libiconv/lib/ucs4be.h', 420, 438 ]
701 silly gunzTarPerm extractEntry deps/libiconv/lib/ucs4internal.h
702 silly gunzTarPerm modified mode [ 'deps/libiconv/lib/ucs4internal.h', 420, 438 ]
703 silly gunzTarPerm extractEntry deps/libiconv/lib/ucs4le.h
704 silly gunzTarPerm modified mode [ 'deps/libiconv/lib/ucs4le.h', 420, 438 ]
705 silly gunzTarPerm extractEntry deps/libiconv/lib/ucs4swapped.h
706 silly gunzTarPerm modified mode [ 'deps/libiconv/lib/ucs4swapped.h', 420, 438 ]
707 silly gunzTarPerm extractEntry deps/libiconv/lib/uhc_1.h
708 silly gunzTarPerm modified mode [ 'deps/libiconv/lib/uhc_1.h', 420, 438 ]
709 silly gunzTarPerm extractEntry deps/libiconv/lib/uhc_2.h
710 silly gunzTarPerm modified mode [ 'deps/libiconv/lib/uhc_2.h', 420, 438 ]
711 silly gunzTarPerm extractEntry deps/libiconv/lib/utf16.h
712 silly gunzTarPerm modified mode [ 'deps/libiconv/lib/utf16.h', 420, 438 ]
713 silly gunzTarPerm extractEntry deps/libiconv/lib/utf16be.h
714 silly gunzTarPerm modified mode [ 'deps/libiconv/lib/utf16be.h', 420, 438 ]
715 silly gunzTarPerm extractEntry deps/libiconv/lib/utf16le.h
716 silly gunzTarPerm modified mode [ 'deps/libiconv/lib/utf16le.h', 420, 438 ]
717 silly gunzTarPerm extractEntry deps/libiconv/lib/utf32.h
718 silly gunzTarPerm modified mode [ 'deps/libiconv/lib/utf32.h', 420, 438 ]
719 silly gunzTarPerm extractEntry deps/libiconv/lib/utf32be.h
720 silly gunzTarPerm modified mode [ 'deps/libiconv/lib/utf32be.h', 420, 438 ]
721 silly gunzTarPerm extractEntry deps/libiconv/lib/utf32le.h
722 silly gunzTarPerm modified mode [ 'deps/libiconv/lib/utf32le.h', 420, 438 ]
723 silly gunzTarPerm extractEntry deps/libiconv/lib/utf7.h
724 silly gunzTarPerm modified mode [ 'deps/libiconv/lib/utf7.h', 420, 438 ]
725 silly gunzTarPerm extractEntry deps/libiconv/lib/utf8.h
726 silly gunzTarPerm modified mode [ 'deps/libiconv/lib/utf8.h', 420, 438 ]
727 silly gunzTarPerm extractEntry deps/libiconv/lib/vietcomb.h
728 silly gunzTarPerm modified mode [ 'deps/libiconv/lib/vietcomb.h', 420, 438 ]
729 silly gunzTarPerm extractEntry deps/libiconv/lib/viscii.h
730 silly gunzTarPerm modified mode [ 'deps/libiconv/lib/viscii.h', 420, 438 ]
731 silly gunzTarPerm extractEntry lib/iconv.js
732 silly gunzTarPerm modified mode [ 'lib/iconv.js', 420, 438 ]
733 silly gunzTarPerm extractEntry src/binding.cc
734 silly gunzTarPerm modified mode [ 'src/binding.cc', 420, 438 ]
735 silly gunzTarPerm extractEntry support/config.h
736 silly gunzTarPerm modified mode [ 'support/config.h', 420, 438 ]
737 silly gunzTarPerm extractEntry support/iconv.h
738 silly gunzTarPerm modified mode [ 'support/iconv.h', 420, 438 ]
739 silly gunzTarPerm extractEntry support/localcharset.c
740 silly gunzTarPerm modified mode [ 'support/localcharset.c', 420, 438 ]
741 silly gunzTarPerm extractEntry support/localcharset.h
742 silly gunzTarPerm modified mode [ 'support/localcharset.h', 420, 438 ]
743 silly gunzTarPerm extractEntry test/run-tests.js
744 silly gunzTarPerm modified mode [ 'test/run-tests.js', 420, 438 ]
745 silly gunzTarPerm extractEntry test/test-basic.js
746 silly gunzTarPerm modified mode [ 'test/test-basic.js', 420, 438 ]
747 silly gunzTarPerm extractEntry test/test-big-buffer.js
748 silly gunzTarPerm modified mode [ 'test/test-big-buffer.js', 420, 438 ]
749 silly gunzTarPerm extractEntry test/test-stream.js
750 silly gunzTarPerm modified mode [ 'test/test-stream.js', 420, 438 ]
751 silly gunzTarPerm extractEntry test/fixtures/lorem-ipsum.txt
752 silly gunzTarPerm modified mode [ 'test/fixtures/lorem-ipsum.txt', 420, 438 ]
753 silly gentlyRm c:\YoutuBot\node_modules\.staging\iconv-c816b608\node_modules is being purged
754 verbose gentlyRm don't care about contents; nuking c:\YoutuBot\node_modules\.staging\iconv-c816b608\node_modules
755 silly doParallel preinstall 2
756 silly preinstall nan@2.10.0 c:\YoutuBot\node_modules\.staging\nan-b70903a9
757 info lifecycle nan@2.10.0~preinstall: nan@2.10.0
758 silly preinstall iconv@2.3.0 c:\YoutuBot\node_modules\.staging\iconv-c816b608
759 info lifecycle iconv@2.3.0~preinstall: iconv@2.3.0
760 silly lifecycle nan@2.10.0~preinstall: no script for preinstall, continuing
761 silly lifecycle iconv@2.3.0~preinstall: no script for preinstall, continuing
762 silly doReverseSerial remove 0
763 silly doSerial move 0
764 silly doSerial finalize 2
765 silly finalize c:\YoutuBot\node_modules\nan
766 silly finalize c:\YoutuBot\node_modules\iconv
767 silly doSerial build 2
768 silly build nan@2.10.0
769 info linkStuff nan@2.10.0
770 silly linkStuff nan@2.10.0 has c:\YoutuBot\node_modules as its parent node_modules
771 verbose linkBins nan@2.10.0
772 verbose linkMans nan@2.10.0
773 silly build iconv@2.3.0
774 info linkStuff iconv@2.3.0
775 silly linkStuff iconv@2.3.0 has c:\YoutuBot\node_modules as its parent node_modules
776 verbose linkBins iconv@2.3.0
777 verbose linkMans iconv@2.3.0
778 silly doSerial global-link 0
779 silly doParallel update-linked 0
780 silly doSerial install 2
781 silly install nan@2.10.0 c:\YoutuBot\node_modules\.staging\nan-b70903a9
782 info lifecycle nan@2.10.0~install: nan@2.10.0
783 silly lifecycle nan@2.10.0~install: no script for install, continuing
784 silly install iconv@2.3.0 c:\YoutuBot\node_modules\.staging\iconv-c816b608
785 info lifecycle iconv@2.3.0~install: iconv@2.3.0
786 verbose lifecycle iconv@2.3.0~install: unsafe-perm in lifecycle true
787 verbose lifecycle iconv@2.3.0~install: PATH: D:\NODEJS\node_modules\npm\bin\node-gyp-bin;c:\YoutuBot\node_modules\iconv\node_modules\.bin;c:\YoutuBot\node_modules\.bin;C:\Windows\system32;C:\Windows;C:\Windows\System32\Wbem;C:\Windows\System32\WindowsPowerShell\v1.0\;C:\Program Files (x86)\Windows Live\Shared;C:\Program Files (x86)\ATI Technologies\ATI.ACE\Core-Static;D:\NODEJS\;D:\PUTTY\;D:\AMD\ATI.ACE\Core-Static;C:\ffmpeg\bin
788 verbose lifecycle iconv@2.3.0~install: CWD: c:\YoutuBot\node_modules\iconv
789 silly lifecycle iconv@2.3.0~install: Args: [ '/d /s /c', 'node-gyp rebuild' ]
790 silly lifecycle iconv@2.3.0~install: Returned: code: 1  signal: null
791 info lifecycle iconv@2.3.0~install: Failed to exec install script
792 verbose unlock done using C:\Users\Julien\AppData\Roaming\npm-cache\_locks\staging-96aa51952b5179b0.lock for c:\YoutuBot\node_modules\.staging
793 silly rollbackFailedOptional Starting
794 silly rollbackFailedOptional Finishing
795 silly runTopLevelLifecycles Finishing
796 silly install printInstalled
797 warn enoent ENOENT: no such file or directory, open 'c:\YoutuBot\package.json'
798 verbose enoent ENOENT: no such file or directory, open 'c:\YoutuBot\package.json'
798 verbose enoent This is most likely not a problem with npm itself
798 verbose enoent and is related to npm not being able to find a file.
799 warn YoutuBot No description
800 verbose If you need help, you may report this error at:
800 verbose     <https://github.com/npm/npm/issues>
801 warn YoutuBot No repository field.
802 verbose If you need help, you may report this error at:
802 verbose     <https://github.com/npm/npm/issues>
803 warn YoutuBot No README data
804 verbose If you need help, you may report this error at:
804 verbose     <https://github.com/npm/npm/issues>
805 warn YoutuBot No license field.
806 verbose If you need help, you may report this error at:
806 verbose     <https://github.com/npm/npm/issues>
807 verbose stack Error: iconv@2.3.0 install: `node-gyp rebuild`
807 verbose stack Exit status 1
807 verbose stack     at EventEmitter.<anonymous> (D:\NODEJS\node_modules\npm\lib\utils\lifecycle.js:255:16)
807 verbose stack     at emitTwo (events.js:106:13)
807 verbose stack     at EventEmitter.emit (events.js:191:7)
807 verbose stack     at ChildProcess.<anonymous> (D:\NODEJS\node_modules\npm\lib\utils\spawn.js:40:14)
807 verbose stack     at emitTwo (events.js:106:13)
807 verbose stack     at ChildProcess.emit (events.js:191:7)
807 verbose stack     at maybeClose (internal/child_process.js:920:16)
807 verbose stack     at Process.ChildProcess._handle.onexit (internal/child_process.js:230:5)
808 verbose pkgid iconv@2.3.0
809 verbose cwd c:\YoutuBot
810 error Windows_NT 6.3.9600
811 error argv "D:\\NODEJS\\node.exe" "D:\\NODEJS\\node_modules\\npm\\bin\\npm-cli.js" "install" "iconv"
812 error node v6.11.4
813 error npm  v3.10.10
814 error code ELIFECYCLE
815 error iconv@2.3.0 install: `node-gyp rebuild`
815 error Exit status 1
816 error Failed at the iconv@2.3.0 install script 'node-gyp rebuild'.
816 error Make sure you have the latest version of node.js and npm installed.
816 error If you do, this is most likely a problem with the iconv package,
816 error not with npm itself.
816 error Tell the author that this fails on your system:
816 error     node-gyp rebuild
816 error You can get information on how to open an issue for this project with:
816 error     npm bugs iconv
816 error Or if that isn't available, you can get their info via:
816 error     npm owner ls iconv
816 error There is likely additional logging output above.
817 verbose exit [ 1, true ]
